#
# There is insufficient memory for the Java Runtime Environment to continue.
# Native memory allocation (malloc) failed to allocate 651056 bytes for Chunk::new
# Possible reasons:
#   The system is out of physical RAM or swap space
#   The process is running with CompressedOops enabled, and the Java Heap may be blocking the growth of the native heap
# Possible solutions:
#   Reduce memory load on the system
#   Increase physical memory or swap space
#   Check if swap backing store is full
#   Decrease Java heap size (-Xmx/-Xms)
#   Decrease number of Java threads
#   Decrease Java thread stack sizes (-Xss)
#   Set larger code cache with -XX:ReservedCodeCacheSize=
#   JVM is running with Unscaled Compressed Oops mode in which the Java heap is
#     placed in the first 4GB address space. The Java Heap base address is the
#     maximum limit for the native heap growth. Please use -XX:HeapBaseMinAddress
#     to set the Java Heap base and to place the Java Heap above 4GB virtual address.
# This output file may be truncated or incomplete.
#
#  Out of Memory Error (allocation.cpp:389), pid=3644, tid=0x00000000000031e4
#
# JRE version: OpenJDK Runtime Environment (8.0_242-b01) (build 1.8.0_242-release-1644-b01)
# Java VM: OpenJDK 64-Bit Server VM (25.242-b01 mixed mode windows-amd64 compressed oops)
# Failed to write core dump. Minidumps are not enabled by default on client versions of Windows
#

---------------  T H R E A D  ---------------

Current thread (0x0000000017fa9000):  JavaThread "C2 CompilerThread1" daemon [_thread_in_native, id=12772, stack(0x000000001a780000,0x000000001a880000)]

Stack: [0x000000001a780000,0x000000001a880000]
[error occurred during error reporting (printing stack bounds), id 0xc0000005]

Native frames: (J=compiled Java code, j=interpreted, Vv=VM code, C=native code)


Current CompileTask:
C2:   6654 9208       4       org.jetbrains.kotlin.load.kotlin.TypeSignatureMappingKt::mapBuiltInType (384 bytes)


---------------  P R O C E S S  ---------------

Java Threads: ( => current thread )
  0x0000000019e3e000 JavaThread "Service Thread" daemon [_thread_blocked, id=1032, stack(0x000000001aa80000,0x000000001ab80000)]
  0x0000000019db2000 JavaThread "C1 CompilerThread3" daemon [_thread_blocked, id=436, stack(0x000000001a980000,0x000000001aa80000)]
  0x0000000017fad800 JavaThread "C2 CompilerThread2" daemon [_thread_in_native, id=5228, stack(0x000000001a880000,0x000000001a980000)]
=>0x0000000017fa9000 JavaThread "C2 CompilerThread1" daemon [_thread_in_native, id=12772, stack(0x000000001a780000,0x000000001a880000)]
  0x0000000019dad800 JavaThread "C2 CompilerThread0" daemon [_thread_blocked, id=17260, stack(0x000000001a680000,0x000000001a780000)]
  0x0000000019dac800 JavaThread "Attach Listener" daemon [_thread_blocked, id=816, stack(0x000000001a580000,0x000000001a680000)]
  0x0000000019dab000 JavaThread "Signal Dispatcher" daemon [_thread_blocked, id=13976, stack(0x000000001a480000,0x000000001a580000)]
  0x0000000017fa1000 JavaThread "Finalizer" daemon [_thread_blocked, id=2748, stack(0x000000001a270000,0x000000001a370000)]
  0x0000000019d90800 JavaThread "Reference Handler" daemon [_thread_blocked, id=11712, stack(0x000000001a170000,0x000000001a270000)]
  0x0000000002f07800 JavaThread "main" [_thread_in_native, id=1220, stack(0x0000000002da0000,0x0000000002ea0000)]

Other Threads:
  0x0000000002ffd800 VMThread [stack: 0x0000000019c70000,0x0000000019d70000] [id=9328]
  0x0000000019e3f000 WatcherThread [stack: 0x000000001ab80000,0x000000001ac80000] [id=15224]

VM state:not at safepoint (normal execution)

VM Mutex/Monitor currently owned by a thread: None

heap address: 0x0000000081800000, size: 2024 MB, Compressed Oops mode: 32-bit
Narrow klass base: 0x0000000000000000, Narrow klass shift: 3
Compressed class space size: 1073741824 Address: 0x0000000100000000

Heap:
 PSYoungGen      total 138240K, used 26477K [0x00000000d5d80000, 0x00000000e0c00000, 0x0000000100000000)
  eden space 133120K, 19% used [0x00000000d5d80000,0x00000000d775b620,0x00000000ddf80000)
  from space 5120K, 0% used [0x00000000ddf80000,0x00000000ddf80000,0x00000000de480000)
  to   space 16896K, 0% used [0x00000000dfb80000,0x00000000dfb80000,0x00000000e0c00000)
 ParOldGen       total 65024K, used 53224K [0x0000000081800000, 0x0000000085780000, 0x00000000d5d80000)
  object space 65024K, 81% used [0x0000000081800000,0x0000000084bfa290,0x0000000085780000)
 Metaspace       used 58794K, capacity 59998K, committed 60184K, reserved 1101824K
  class space    used 7001K, capacity 7281K, committed 7296K, reserved 1048576K

Card table byte_map: [0x00000000123c0000,0x00000000127c0000] byte_map_base: 0x0000000011fb4000

Marking Bits: (ParMarkBitMap*) 0x0000000061c6f030
 Begin Bits: [0x0000000013270000, 0x0000000015210000)
 End Bits:   [0x0000000015210000, 0x00000000171b0000)

Polling page: 0x0000000000fa0000

CodeCache: size=245760Kb used=27900Kb max_used=27911Kb free=217859Kb
 bounds [0x0000000003000000, 0x0000000004b60000, 0x0000000012000000]
 total_blobs=8892 nmethods=8380 adapters=423
 compilation: enabled

Compilation events (10 events):
Event: 6.618 Thread 0x0000000019dad800 9284       4       org.jetbrains.org.objectweb.asm.tree.analysis.Analyzer::findSubroutine (572 bytes)
Event: 6.618 Thread 0x0000000019db2000 9285       3       org.jetbrains.kotlin.codegen.optimization.RedundantCheckCastEliminationMethodTransformer::transform (368 bytes)
Event: 6.621 Thread 0x0000000019db2000 nmethod 9285 0x0000000004b1d990 code [0x0000000004b1de60, 0x0000000004b20e58]
Event: 6.621 Thread 0x0000000019db2000 9287       3       org.jetbrains.org.objectweb.asm.Frame::accept (264 bytes)
Event: 6.621 Thread 0x0000000019db2000 nmethod 9287 0x0000000004b0dc10 code [0x0000000004b0de00, 0x0000000004b0e938]
Event: 6.621 Thread 0x0000000019db2000 9286       3       org.jetbrains.org.objectweb.asm.MethodWriter::visitLocalVariable (222 bytes)
Event: 6.622 Thread 0x0000000019db2000 nmethod 9286 0x0000000004b22bd0 code [0x0000000004b22e80, 0x0000000004b23e68]
Event: 6.623 Thread 0x0000000019db2000 9288       3       org.jetbrains.kotlin.codegen.context.CodegenContext::shouldAddChild (29 bytes)
Event: 6.623 Thread 0x0000000019db2000 nmethod 9288 0x0000000004b0c9d0 code [0x0000000004b0cbc0, 0x0000000004b0d3e8]
Event: 6.623 Thread 0x0000000019db2000 9289       3       org.jetbrains.kotlin.resolve.jvm.JvmClassName::getFqNameForTopLevelClassMaybeWithDollars (19 bytes)

GC Heap History (10 events):
Event: 2.261 GC heap before
{Heap before GC invocations=6 (full 1):
 PSYoungGen      total 103936K, used 41037K [0x00000000d5d80000, 0x00000000de980000, 0x0000000100000000)
  eden space 98816K, 36% used [0x00000000d5d80000,0x00000000d809a8f8,0x00000000dbe00000)
  from space 5120K, 99% used [0x00000000de480000,0x00000000de978c10,0x00000000de980000)
  to   space 5120K, 0% used [0x00000000ddf80000,0x00000000ddf80000,0x00000000de480000)
 ParOldGen       total 65024K, used 19615K [0x0000000081800000, 0x0000000085780000, 0x00000000d5d80000)
  object space 65024K, 30% used [0x0000000081800000,0x0000000082b27dc8,0x0000000085780000)
 Metaspace       used 34833K, capacity 35356K, committed 35496K, reserved 1081344K
  class space    used 4435K, capacity 4590K, committed 4608K, reserved 1048576K
Event: 2.268 GC heap after
Heap after GC invocations=6 (full 1):
 PSYoungGen      total 138240K, used 5093K [0x00000000d5d80000, 0x00000000e0c00000, 0x0000000100000000)
  eden space 133120K, 0% used [0x00000000d5d80000,0x00000000d5d80000,0x00000000ddf80000)
  from space 5120K, 99% used [0x00000000ddf80000,0x00000000de4796a0,0x00000000de480000)
  to   space 16896K, 0% used [0x00000000dfb80000,0x00000000dfb80000,0x00000000e0c00000)
 ParOldGen       total 65024K, used 28512K [0x0000000081800000, 0x0000000085780000, 0x00000000d5d80000)
  object space 65024K, 43% used [0x0000000081800000,0x00000000833d8320,0x0000000085780000)
 Metaspace       used 34833K, capacity 35356K, committed 35496K, reserved 1081344K
  class space    used 4435K, capacity 4590K, committed 4608K, reserved 1048576K
}
Event: 2.268 GC heap before
{Heap before GC invocations=7 (full 2):
 PSYoungGen      total 138240K, used 5093K [0x00000000d5d80000, 0x00000000e0c00000, 0x0000000100000000)
  eden space 133120K, 0% used [0x00000000d5d80000,0x00000000d5d80000,0x00000000ddf80000)
  from space 5120K, 99% used [0x00000000ddf80000,0x00000000de4796a0,0x00000000de480000)
  to   space 16896K, 0% used [0x00000000dfb80000,0x00000000dfb80000,0x00000000e0c00000)
 ParOldGen       total 65024K, used 28512K [0x0000000081800000, 0x0000000085780000, 0x00000000d5d80000)
  object space 65024K, 43% used [0x0000000081800000,0x00000000833d8320,0x0000000085780000)
 Metaspace       used 34833K, capacity 35356K, committed 35496K, reserved 1081344K
  class space    used 4435K, capacity 4590K, committed 4608K, reserved 1048576K
Event: 2.319 GC heap after
Heap after GC invocations=7 (full 2):
 PSYoungGen      total 138240K, used 0K [0x00000000d5d80000, 0x00000000e0c00000, 0x0000000100000000)
  eden space 133120K, 0% used [0x00000000d5d80000,0x00000000d5d80000,0x00000000ddf80000)
  from space 5120K, 0% used [0x00000000ddf80000,0x00000000ddf80000,0x00000000de480000)
  to   space 16896K, 0% used [0x00000000dfb80000,0x00000000dfb80000,0x00000000e0c00000)
 ParOldGen       total 65024K, used 22133K [0x0000000081800000, 0x0000000085780000, 0x00000000d5d80000)
  object space 65024K, 34% used [0x0000000081800000,0x0000000082d9d4e0,0x0000000085780000)
 Metaspace       used 34833K, capacity 35356K, committed 35496K, reserved 1081344K
  class space    used 4435K, capacity 4590K, committed 4608K, reserved 1048576K
}
Event: 3.761 GC heap before
{Heap before GC invocations=8 (full 2):
 PSYoungGen      total 138240K, used 133120K [0x00000000d5d80000, 0x00000000e0c00000, 0x0000000100000000)
  eden space 133120K, 100% used [0x00000000d5d80000,0x00000000ddf80000,0x00000000ddf80000)
  from space 5120K, 0% used [0x00000000ddf80000,0x00000000ddf80000,0x00000000de480000)
  to   space 16896K, 0% used [0x00000000dfb80000,0x00000000dfb80000,0x00000000e0c00000)
 ParOldGen       total 65024K, used 22133K [0x0000000081800000, 0x0000000085780000, 0x00000000d5d80000)
  object space 65024K, 34% used [0x0000000081800000,0x0000000082d9d4e0,0x0000000085780000)
 Metaspace       used 45208K, capacity 45940K, committed 46336K, reserved 1089536K
  class space    used 5625K, capacity 5834K, committed 5888K, reserved 1048576K
Event: 3.776 GC heap after
Heap after GC invocations=8 (full 2):
 PSYoungGen      total 150016K, used 16875K [0x00000000d5d80000, 0x00000000e0c00000, 0x0000000100000000)
  eden space 133120K, 0% used [0x00000000d5d80000,0x00000000d5d80000,0x00000000ddf80000)
  from space 16896K, 99% used [0x00000000dfb80000,0x00000000e0bfae10,0x00000000e0c00000)
  to   space 5120K, 0% used [0x00000000ddf80000,0x00000000ddf80000,0x00000000de480000)
 ParOldGen       total 65024K, used 31906K [0x0000000081800000, 0x0000000085780000, 0x00000000d5d80000)
  object space 65024K, 49% used [0x0000000081800000,0x0000000083728b08,0x0000000085780000)
 Metaspace       used 45208K, capacity 45940K, committed 46336K, reserved 1089536K
  class space    used 5625K, capacity 5834K, committed 5888K, reserved 1048576K
}
Event: 5.885 GC heap before
{Heap before GC invocations=9 (full 2):
 PSYoungGen      total 150016K, used 136409K [0x00000000d5d80000, 0x00000000e0c00000, 0x0000000100000000)
  eden space 133120K, 89% used [0x00000000d5d80000,0x00000000dd23b670,0x00000000ddf80000)
  from space 16896K, 99% used [0x00000000dfb80000,0x00000000e0bfae10,0x00000000e0c00000)
  to   space 5120K, 0% used [0x00000000ddf80000,0x00000000ddf80000,0x00000000de480000)
 ParOldGen       total 65024K, used 31906K [0x0000000081800000, 0x0000000085780000, 0x00000000d5d80000)
  object space 65024K, 49% used [0x0000000081800000,0x0000000083728b08,0x0000000085780000)
 Metaspace       used 57873K, capacity 59022K, committed 59160K, reserved 1101824K
  class space    used 6964K, capacity 7259K, committed 7296K, reserved 1048576K
Event: 5.910 GC heap after
Heap after GC invocations=9 (full 2):
 PSYoungGen      total 138240K, used 5096K [0x00000000d5d80000, 0x00000000e0c00000, 0x0000000100000000)
  eden space 133120K, 0% used [0x00000000d5d80000,0x00000000d5d80000,0x00000000ddf80000)
  from space 5120K, 99% used [0x00000000ddf80000,0x00000000de47a020,0x00000000de480000)
  to   space 16896K, 0% used [0x00000000dfb80000,0x00000000dfb80000,0x00000000e0c00000)
 ParOldGen       total 65024K, used 64722K [0x0000000081800000, 0x0000000085780000, 0x00000000d5d80000)
  object space 65024K, 99% used [0x0000000081800000,0x00000000857348c8,0x0000000085780000)
 Metaspace       used 57873K, capacity 59022K, committed 59160K, reserved 1101824K
  class space    used 6964K, capacity 7259K, committed 7296K, reserved 1048576K
}
Event: 5.911 GC heap before
{Heap before GC invocations=10 (full 3):
 PSYoungGen      total 138240K, used 5096K [0x00000000d5d80000, 0x00000000e0c00000, 0x0000000100000000)
  eden space 133120K, 0% used [0x00000000d5d80000,0x00000000d5d80000,0x00000000ddf80000)
  from space 5120K, 99% used [0x00000000ddf80000,0x00000000de47a020,0x00000000de480000)
  to   space 16896K, 0% used [0x00000000dfb80000,0x00000000dfb80000,0x00000000e0c00000)
 ParOldGen       total 65024K, used 64722K [0x0000000081800000, 0x0000000085780000, 0x00000000d5d80000)
  object space 65024K, 99% used [0x0000000081800000,0x00000000857348c8,0x0000000085780000)
 Metaspace       used 57873K, capacity 59022K, committed 59160K, reserved 1101824K
  class space    used 6964K, capacity 7259K, committed 7296K, reserved 1048576K
Event: 6.125 GC heap after
Heap after GC invocations=10 (full 3):
 PSYoungGen      total 138240K, used 0K [0x00000000d5d80000, 0x00000000e0c00000, 0x0000000100000000)
  eden space 133120K, 0% used [0x00000000d5d80000,0x00000000d5d80000,0x00000000ddf80000)
  from space 5120K, 0% used [0x00000000ddf80000,0x00000000ddf80000,0x00000000de480000)
  to   space 16896K, 0% used [0x00000000dfb80000,0x00000000dfb80000,0x00000000e0c00000)
 ParOldGen       total 65024K, used 53224K [0x0000000081800000, 0x0000000085780000, 0x00000000d5d80000)
  object space 65024K, 81% used [0x0000000081800000,0x0000000084bfa290,0x0000000085780000)
 Metaspace       used 57873K, capacity 59022K, committed 59160K, reserved 1101824K
  class space    used 6964K, capacity 7259K, committed 7296K, reserved 1048576K
}

Deoptimization events (10 events):
Event: 6.479 Thread 0x0000000002f07800 Uncommon trap: reason=bimorphic action=maybe_recompile pc=0x0000000003c158f8 method=org.jetbrains.kotlin.types.model.TypeSystemContext$DefaultImpls.typeConstructor(Lorg/jetbrains/kotlin/types/model/TypeSystemContext;Lorg/jetbrains/kotlin/types/model/Kotli
Event: 6.479 Thread 0x0000000002f07800 Uncommon trap: reason=bimorphic action=maybe_recompile pc=0x0000000004667014 method=org.jetbrains.kotlin.types.model.TypeSystemContext$DefaultImpls.lowerBoundIfFlexible(Lorg/jetbrains/kotlin/types/model/TypeSystemContext;Lorg/jetbrains/kotlin/types/model/
Event: 6.486 Thread 0x0000000002f07800 Uncommon trap: reason=class_check action=maybe_recompile pc=0x00000000047d60ac method=kotlin.collections.CollectionsKt___CollectionsKt.toSet(Ljava/lang/Iterable;)Ljava/util/Set; @ 58
Event: 6.488 Thread 0x0000000002f07800 Uncommon trap: reason=bimorphic action=maybe_recompile pc=0x0000000003c158f8 method=org.jetbrains.kotlin.types.model.TypeSystemContext$DefaultImpls.typeConstructor(Lorg/jetbrains/kotlin/types/model/TypeSystemContext;Lorg/jetbrains/kotlin/types/model/Kotli
Event: 6.488 Thread 0x0000000002f07800 Uncommon trap: reason=bimorphic action=maybe_recompile pc=0x0000000004667014 method=org.jetbrains.kotlin.types.model.TypeSystemContext$DefaultImpls.lowerBoundIfFlexible(Lorg/jetbrains/kotlin/types/model/TypeSystemContext;Lorg/jetbrains/kotlin/types/model/
Event: 6.570 Thread 0x0000000002f07800 Uncommon trap: reason=unstable_if action=reinterpret pc=0x000000000493552c method=org.jetbrains.org.objectweb.asm.ByteVector.putUTF8(Ljava/lang/String;)Lorg/jetbrains/org/objectweb/asm/ByteVector; @ 100
Event: 6.609 Thread 0x0000000002f07800 Uncommon trap: reason=bimorphic action=maybe_recompile pc=0x0000000003c158f8 method=org.jetbrains.kotlin.types.model.TypeSystemContext$DefaultImpls.typeConstructor(Lorg/jetbrains/kotlin/types/model/TypeSystemContext;Lorg/jetbrains/kotlin/types/model/Kotli
Event: 6.609 Thread 0x0000000002f07800 Uncommon trap: reason=bimorphic action=maybe_recompile pc=0x0000000004667014 method=org.jetbrains.kotlin.types.model.TypeSystemContext$DefaultImpls.lowerBoundIfFlexible(Lorg/jetbrains/kotlin/types/model/TypeSystemContext;Lorg/jetbrains/kotlin/types/model/
Event: 6.611 Thread 0x0000000002f07800 Uncommon trap: reason=bimorphic action=maybe_recompile pc=0x0000000003c158f8 method=org.jetbrains.kotlin.types.model.TypeSystemContext$DefaultImpls.typeConstructor(Lorg/jetbrains/kotlin/types/model/TypeSystemContext;Lorg/jetbrains/kotlin/types/model/Kotli
Event: 6.611 Thread 0x0000000002f07800 Uncommon trap: reason=bimorphic action=maybe_recompile pc=0x0000000004667014 method=org.jetbrains.kotlin.types.model.TypeSystemContext$DefaultImpls.lowerBoundIfFlexible(Lorg/jetbrains/kotlin/types/model/TypeSystemContext;Lorg/jetbrains/kotlin/types/model/

Classes redefined (0 events):
No events

Internal exceptions (10 events):
Event: 4.885 Thread 0x0000000002f07800 Implicit null exception at 0x000000000450bedc to 0x000000000450c9d5
Event: 5.320 Thread 0x0000000002f07800 Implicit null exception at 0x000000000325e755 to 0x000000000325e925
Event: 5.320 Thread 0x0000000002f07800 Implicit null exception at 0x0000000003271bef to 0x0000000003271c59
Event: 5.325 Thread 0x0000000002f07800 Implicit null exception at 0x00000000035b134c to 0x00000000035b13a6
Event: 5.586 Thread 0x0000000002f07800 Implicit null exception at 0x0000000003b4b194 to 0x0000000003b4b36c
Event: 5.645 Thread 0x0000000002f07800 Exception <a 'java/lang/NoSuchMethodError': java.lang.Object.lambda$static$0(Lorg/jetbrains/kotlin/descriptors/ValueParameterDescriptor;Lorg/jetbrains/kotlin/codegen/ExpressionCodegen;)Lorg/jetbrains/kotlin/codegen/StackValue;> (0x00000000dc2129c0) thrown
Event: 5.656 Thread 0x0000000002f07800 Implicit null exception at 0x0000000003c02cd6 to 0x0000000003c03021
Event: 5.779 Thread 0x0000000002f07800 Exception <a 'java/lang/NoSuchMethodError': java.lang.Object.lambda$static$0(Ljava/lang/String;)Z> (0x00000000dc961588) thrown at [C:\src\AOSP-openjdk-git\hotspot\src\share\vm\interpreter\linkResolver.cpp, line 620]
Event: 5.779 Thread 0x0000000002f07800 Exception <a 'java/lang/NoSuchMethodError': java.lang.Object.lambda$static$1(Ljava/lang/String;)Z> (0x00000000dc963a90) thrown at [C:\src\AOSP-openjdk-git\hotspot\src\share\vm\interpreter\linkResolver.cpp, line 620]
Event: 5.839 Thread 0x0000000002f07800 Implicit null exception at 0x0000000003be3695 to 0x0000000003be3899

Events (10 events):
Event: 6.609 Thread 0x0000000002f07800 DEOPT UNPACKING pc=0x000000000304557b sp=0x0000000002e9c598 mode 2
Event: 6.609 Thread 0x0000000002f07800 Uncommon trap: trap_request=0xffffffc6 fr.pc=0x0000000004667014
Event: 6.609 Thread 0x0000000002f07800 DEOPT PACKING pc=0x0000000004667014 sp=0x0000000002e9c4b0
Event: 6.609 Thread 0x0000000002f07800 DEOPT UNPACKING pc=0x000000000304557b sp=0x0000000002e9c450 mode 2
Event: 6.611 Thread 0x0000000002f07800 Uncommon trap: trap_request=0xffffffc6 fr.pc=0x0000000003c158f8
Event: 6.611 Thread 0x0000000002f07800 DEOPT PACKING pc=0x0000000003c158f8 sp=0x0000000002e9aff0
Event: 6.611 Thread 0x0000000002f07800 DEOPT UNPACKING pc=0x000000000304557b sp=0x0000000002e9af88 mode 2
Event: 6.611 Thread 0x0000000002f07800 Uncommon trap: trap_request=0xffffffc6 fr.pc=0x0000000004667014
Event: 6.611 Thread 0x0000000002f07800 DEOPT PACKING pc=0x0000000004667014 sp=0x0000000002e9aea0
Event: 6.611 Thread 0x0000000002f07800 DEOPT UNPACKING pc=0x000000000304557b sp=0x0000000002e9ae40 mode 2


Dynamic libraries:
0x00007ff6db000000 - 0x00007ff6db031000 	C:\Program Files\Android\Android Studio\jre\jre\bin\java.exe
0x00007ffe83360000 - 0x00007ffe83550000 	C:\Windows\SYSTEM32\ntdll.dll
0x00007ffe81d80000 - 0x00007ffe81e32000 	C:\Windows\System32\KERNEL32.DLL
0x00007ffe80650000 - 0x00007ffe808f5000 	C:\Windows\System32\KERNELBASE.dll
0x00007ffe823f0000 - 0x00007ffe82493000 	C:\Windows\System32\ADVAPI32.dll
0x00007ffe819d0000 - 0x00007ffe81a6e000 	C:\Windows\System32\msvcrt.dll
0x00007ffe81880000 - 0x00007ffe81917000 	C:\Windows\System32\sechost.dll
0x00007ffe81a70000 - 0x00007ffe81b90000 	C:\Windows\System32\RPCRT4.dll
0x00007ffe81e40000 - 0x00007ffe81fd4000 	C:\Windows\System32\USER32.dll
0x00007ffe80620000 - 0x00007ffe80641000 	C:\Windows\System32\win32u.dll
0x00007ffe81d30000 - 0x00007ffe81d56000 	C:\Windows\System32\GDI32.dll
0x00007ffe80380000 - 0x00007ffe80516000 	C:\Windows\System32\gdi32full.dll
0x00007ffe81140000 - 0x00007ffe811de000 	C:\Windows\System32\msvcp_win.dll
0x00007ffe80520000 - 0x00007ffe8061a000 	C:\Windows\System32\ucrtbase.dll
0x00007ffe6d710000 - 0x00007ffe6d994000 	C:\Windows\WinSxS\amd64_microsoft.windows.common-controls_6595b64144ccf1df_6.0.18362.1256_none_9e7e379be45e40e2\COMCTL32.dll
0x00007ffe81fe0000 - 0x00007ffe82316000 	C:\Windows\System32\combase.dll
0x00007ffe81090000 - 0x00007ffe81111000 	C:\Windows\System32\bcryptPrimitives.dll
0x00007ffe83140000 - 0x00007ffe8316e000 	C:\Windows\System32\IMM32.DLL
0x00000000613c0000 - 0x0000000061492000 	C:\Program Files\Android\Android Studio\jre\jre\bin\msvcr100.dll
0x00000000614a0000 - 0x0000000061ceb000 	C:\Program Files\Android\Android Studio\jre\jre\bin\server\jvm.dll
0x00007ffe81ba0000 - 0x00007ffe81ba8000 	C:\Windows\System32\PSAPI.DLL
0x00007ffe69480000 - 0x00007ffe69489000 	C:\Windows\SYSTEM32\WSOCK32.dll
0x00007ffe79d80000 - 0x00007ffe79da4000 	C:\Windows\SYSTEM32\WINMM.dll
0x00007ffe79d40000 - 0x00007ffe79d4a000 	C:\Windows\SYSTEM32\VERSION.dll
0x00007ffe82cf0000 - 0x00007ffe82d5f000 	C:\Windows\System32\WS2_32.dll
0x00007ffe79d50000 - 0x00007ffe79d7d000 	C:\Windows\SYSTEM32\WINMMBASE.dll
0x00007ffe81210000 - 0x00007ffe8125a000 	C:\Windows\System32\cfgmgr32.dll
0x00007ffe7d200000 - 0x00007ffe7d20f000 	C:\Program Files\Android\Android Studio\jre\jre\bin\verify.dll
0x00007ffe7d190000 - 0x00007ffe7d1b9000 	C:\Program Files\Android\Android Studio\jre\jre\bin\java.dll
0x00007ffe7d170000 - 0x00007ffe7d186000 	C:\Program Files\Android\Android Studio\jre\jre\bin\zip.dll
0x00007ffe82600000 - 0x00007ffe82ce7000 	C:\Windows\System32\SHELL32.dll
0x00007ffe81920000 - 0x00007ffe819c9000 	C:\Windows\System32\shcore.dll
0x00007ffe80900000 - 0x00007ffe81081000 	C:\Windows\System32\windows.storage.dll
0x00007ffe80210000 - 0x00007ffe80233000 	C:\Windows\System32\profapi.dll
0x00007ffe80260000 - 0x00007ffe802aa000 	C:\Windows\System32\powrprof.dll
0x00007ffe80200000 - 0x00007ffe80210000 	C:\Windows\System32\UMPDC.dll
0x00007ffe824a0000 - 0x00007ffe824f2000 	C:\Windows\System32\shlwapi.dll
0x00007ffe80240000 - 0x00007ffe80251000 	C:\Windows\System32\kernel.appcore.dll
0x00007ffe81120000 - 0x00007ffe81137000 	C:\Windows\System32\cryptsp.dll
0x00007ffe6db80000 - 0x00007ffe6db9a000 	C:\Program Files\Android\Android Studio\jre\jre\bin\net.dll
0x00007ffe7fa00000 - 0x00007ffe7fa67000 	C:\Windows\system32\mswsock.dll
0x00007ffe6ba90000 - 0x00007ffe6baa3000 	C:\Program Files\Android\Android Studio\jre\jre\bin\nio.dll

VM Arguments:
java_command: org.jetbrains.kotlin.cli.jvm.K2JVMCompiler -Xallow-no-source-files -classpath D:\Android\Lab3\app\build\intermediates\compile_and_runtime_not_namespaced_r_class_jar\debug\R.jar;C:\Users\XXX\.gradle\caches\transforms-2\files-2.1\fc91d5bc58cc0c88cb936add3a98e286\jetified-viewbinding-4.1.1-api.jar;C:\Users\XXX\.gradle\caches\transforms-2\files-2.1\7dd12f5c12bbc8763f56ff43eb6c0e6c\jetified-core-ktx-1.3.2-api.jar;C:\Users\XXX\.gradle\caches\transforms-2\files-2.1\11113c3fa854ec888459064d2df18fe4\material-1.2.1-api.jar;C:\Users\XXX\.gradle\caches\transforms-2\files-2.1\b25ddf2e96af322447a13427697d1645\constraintlayout-2.0.4-api.jar;C:\Users\XXX\.gradle\caches\transforms-2\files-2.1\fab8c661dcbdb58687963b56ebd4d14a\appcompat-1.2.0-api.jar;C:\Users\XXX\.gradle\caches\transforms-2\files-2.1\96b15d48422e64908b845cc96f84770c\jetified-firebase-database-ktx-19.5.1-api.jar;C:\Users\XXX\.gradle\caches\transforms-2\files-2.1\c5c7681b3097c90495380025b1de5abc\jetified-play-services-ads-19.6.0-api.jar;C:\Users\XXX\.gradle\caches\transforms-2\files-2.1\cfbee8040c74b4202870c2e7a705b630\jetified-viewpager2-1.0.0-api.jar;C:\Users\XXX\.gradle\caches\transforms-2\files-2.1\49d65bb34a3d34e42283b6e1152d60dd\jetified-firebase-analytics-ktx-18.0.0-api.jar;C:\Users\XXX\.gradle\caches\transforms-2\files-2.1\25442c60ca0eed03c3a78638a5cf4d6c\jetified-firebase-common-ktx-19.4.0-api.jar;C:\Users\XXX\.gradle\caches\transforms-2\files-2.1\54dbfa5801ed55dc926bc065e5308d72\jetified-firebase-database-19.5.1-api.jar;C:\Users\XXX\.gradle\caches\transforms-2\files-2.1\e500a75cc4082314da1d60da60408bf1\jetified-firebase-analytics-18.0.0-api.jar;C:\Users\XXX\.gradle\caches\transforms-2\files-2.1\882e8dc62e5eb977187a83fc0f62844a\jetified-play-services-measurement-api-18.0.0-api.jar;C:\Users\XXX\.gradle\caches\transforms-2\files-2.1\dda0723b864a0e8d70149fe9d5042908\jetified-firebase-auth-interop-18.0.0-api.jar;C:\Users\XXX\.gradle\caches\transforms-2\files-2.1\c3c0f984c73d67713317b32ac82bc428\jeti
java_class_path (initial): C:\Users\XXX\.gradle\caches\modules-2\files-2.1\org.jetbrains.kotlin\kotlin-compiler-embeddable\1.3.72\fb72232c8fa977d5e07d33c43381ddbdc5edab6\kotlin-compiler-embeddable-1.3.72.jar;C:\Users\XXX\.gradle\caches\modules-2\files-2.1\org.jetbrains.kotlin\kotlin-reflect\1.3.72\86613e1a669a701b0c660bfd2af4f82a7ae11fca\kotlin-reflect-1.3.72.jar;C:\Users\XXX\.gradle\caches\modules-2\files-2.1\org.jetbrains.kotlin\kotlin-stdlib\1.3.72\8032138f12c0180bc4e51fe139d4c52b46db6109\kotlin-stdlib-1.3.72.jar;C:\Users\XXX\.gradle\caches\modules-2\files-2.1\org.jetbrains.kotlin\kotlin-script-runtime\1.3.72\657d8d34d91e1964b4439378c09933e840bfe8d5\kotlin-script-runtime-1.3.72.jar;C:\Users\XXX\.gradle\caches\modules-2\files-2.1\org.jetbrains.kotlin\kotlin-daemon-embeddable\1.3.72\53bbaa2816dbf6bdb85f629451b1fcc88f2164d2\kotlin-daemon-embeddable-1.3.72.jar;C:\Users\XXX\.gradle\caches\modules-2\files-2.1\org.jetbrains.intellij.deps\trove4j\1.0.20181211\216c2e14b070f334479d800987affe4054cd563f\trove4j-1.0.20181211.jar;C:\Users\XXX\.gradle\caches\modules-2\files-2.1\org.jetbrains.kotlin\kotlin-stdlib-common\1.3.72\6ca8bee3d88957eaaaef077c41c908c9940492d8\kotlin-stdlib-common-1.3.72.jar;C:\Users\XXX\.gradle\caches\modules-2\files-2.1\org.jetbrains\annotations\13.0\919f0dfe192fb4e063e7dacadee7f8bb9a2672a9\annotations-13.0.jar;C:\Program Files\Android\Android Studio\jre\lib\tools.jar
Launcher Type: SUN_STANDARD

Environment Variables:
PATH=C:\Program Files\Common Files\Oracle\Java\javapath;C:\Windows\system32;C:\Windows;C:\Windows\System32\Wbem;C:\Windows\System32\WindowsPowerShell\v1.0\;C:\Windows\System32\OpenSSH\;C:\Program Files (x86)\Intel\Intel(R) Management Engine Components\DAL;C:\Program Files\Intel\Intel(R) Management Engine Components\DAL;C:\Program Files\Intel\WiFi\bin\;C:\Program Files\Common Files\Intel\WirelessCommon\;C:\Program Files\Git\cmd;C:\Program Files\dotnet\;C:\Program Files\Microsoft SQL Server\130\Tools\Binn\;C:\Program Files\Microsoft SQL Server\Client SDK\ODBC\170\Tools\Binn\;C:\Program Files (x86)\Microsoft SQL Server\Client SDK\ODBC\110\Tools\Binn\;C:\Program Files (x86)\Microsoft SQL Server\120\Tools\Binn\;C:\Program Files (x86)\Microsoft SQL Server\120\DTS\Binn\;C:\Program Files\Docker\Docker\resources\bin;C:\ProgramData\DockerDesktop\version-bin;%MAVEN_HOME%\bin;C:\Program Files (x86)\Microsoft SQL Server\150\DTS\Binn\;C:\Program Files\Azure Data Studio\bin;C:\Users\XXX\AppData\Local\Microsoft\WindowsApps;C:\Program Files\Maven\apache-maven-3.6.3\\bin;C:\Users\XXX\.dotnet\tools;;C:\Program Files\Azure Data Studio\bin
USERNAME=XXX
OS=Windows_NT
PROCESSOR_IDENTIFIER=Intel64 Family 6 Model 142 Stepping 10, GenuineIntel



---------------  S Y S T E M  ---------------

OS: Windows 10.0 , 64 bit Build 18362 (10.0.18362.1110)

CPU:total 8 (initial active 8) (4 cores per cpu, 2 threads per core) family 6 model 142 stepping 10, cmov, cx8, fxsr, mmx, sse, sse2, sse3, ssse3, sse4.1, sse4.2, popcnt, avx, avx2, aes, clmul, erms, 3dnowpref, lzcnt, ht, tsc, tscinvbit, bmi1, bmi2, adx

Memory: 4k page, physical 8286508k(995580k free), swap 11848840k(4132k free)

vm_info: OpenJDK 64-Bit Server VM (25.242-b01) for windows-amd64 JRE (1.8.0_242-release-1644-b01), built by "builder" with MS VC++ 10.0 (VS2010)

time: Sun Dec 20 22:38:24 2020
timezone: Беларусь (зима)
elapsed time: 6 seconds (0d 0h 0m 6s)

