#
# There is insufficient memory for the Java Runtime Environment to continue.
# Native memory allocation (malloc) failed to allocate 191888 bytes for Chunk::new
# Possible reasons:
#   The system is out of physical RAM or swap space
#   The process is running with CompressedOops enabled, and the Java Heap may be blocking the growth of the native heap
# Possible solutions:
#   Reduce memory load on the system
#   Increase physical memory or swap space
#   Check if swap backing store is full
#   Decrease Java heap size (-Xmx/-Xms)
#   Decrease number of Java threads
#   Decrease Java thread stack sizes (-Xss)
#   Set larger code cache with -XX:ReservedCodeCacheSize=
#   JVM is running with Unscaled Compressed Oops mode in which the Java heap is
#     placed in the first 4GB address space. The Java Heap base address is the
#     maximum limit for the native heap growth. Please use -XX:HeapBaseMinAddress
#     to set the Java Heap base and to place the Java Heap above 4GB virtual address.
# This output file may be truncated or incomplete.
#
#  Out of Memory Error (allocation.cpp:389), pid=2052, tid=0x0000000000004020
#
# JRE version: OpenJDK Runtime Environment (8.0_242-b01) (build 1.8.0_242-release-1644-b01)
# Java VM: OpenJDK 64-Bit Server VM (25.242-b01 mixed mode windows-amd64 compressed oops)
# Failed to write core dump. Minidumps are not enabled by default on client versions of Windows
#

---------------  T H R E A D  ---------------

Current thread (0x0000000017f89000):  JavaThread "C2 CompilerThread1" daemon [_thread_in_native, id=16416, stack(0x000000001a770000,0x000000001a870000)]

Stack: [0x000000001a770000,0x000000001a870000]
[error occurred during error reporting (printing stack bounds), id 0xc0000005]

Native frames: (J=compiled Java code, j=interpreted, Vv=VM code, C=native code)


Current CompileTask:
C2:   1433 1689       4       org.jetbrains.kotlin.com.intellij.openapi.vfs.impl.ZipHandlerBase::getOrCreate (226 bytes)


---------------  P R O C E S S  ---------------

Java Threads: ( => current thread )
  0x0000000019db7000 JavaThread "Service Thread" daemon [_thread_blocked, id=4300, stack(0x000000001aa70000,0x000000001ab70000)]
  0x0000000019da2000 JavaThread "C1 CompilerThread3" daemon [_thread_blocked, id=17424, stack(0x000000001a970000,0x000000001aa70000)]
  0x0000000017f8d800 JavaThread "C2 CompilerThread2" daemon [_thread_in_native, id=14648, stack(0x000000001a870000,0x000000001a970000)]
=>0x0000000017f89000 JavaThread "C2 CompilerThread1" daemon [_thread_in_native, id=16416, stack(0x000000001a770000,0x000000001a870000)]
  0x0000000019d9d800 JavaThread "C2 CompilerThread0" daemon [_thread_in_native, id=1156, stack(0x000000001a670000,0x000000001a770000)]
  0x0000000019d9c800 JavaThread "Attach Listener" daemon [_thread_blocked, id=16296, stack(0x000000001a570000,0x000000001a670000)]
  0x0000000019d9b800 JavaThread "Signal Dispatcher" daemon [_thread_blocked, id=16024, stack(0x000000001a470000,0x000000001a570000)]
  0x0000000017f81800 JavaThread "Finalizer" daemon [_thread_blocked, id=15508, stack(0x000000001a260000,0x000000001a360000)]
  0x0000000019d80800 JavaThread "Reference Handler" daemon [_thread_blocked, id=16508, stack(0x000000001a160000,0x000000001a260000)]
  0x0000000002ee7800 JavaThread "main" [_thread_in_native, id=14692, stack(0x0000000002de0000,0x0000000002ee0000)]

Other Threads:
  0x0000000002fde000 VMThread [stack: 0x0000000019c60000,0x0000000019d60000] [id=9832]
  0x0000000019e3f000 WatcherThread [stack: 0x000000001ab70000,0x000000001ac70000] [id=696]

VM state:not at safepoint (normal execution)

VM Mutex/Monitor currently owned by a thread: None

heap address: 0x0000000081800000, size: 2024 MB, Compressed Oops mode: 32-bit
Narrow klass base: 0x0000000000000000, Narrow klass shift: 3
Compressed class space size: 1073741824 Address: 0x0000000100000000

Heap:
 PSYoungGen      total 38400K, used 11178K [0x00000000d5d80000, 0x00000000d9380000, 0x0000000100000000)
  eden space 33280K, 33% used [0x00000000d5d80000,0x00000000d686a910,0x00000000d7e00000)
  from space 5120K, 0% used [0x00000000d7e00000,0x00000000d7e00000,0x00000000d8300000)
  to   space 5120K, 0% used [0x00000000d8e80000,0x00000000d8e80000,0x00000000d9380000)
 ParOldGen       total 113152K, used 11653K [0x0000000081800000, 0x0000000088680000, 0x00000000d5d80000)
  object space 113152K, 10% used [0x0000000081800000,0x0000000082361718,0x0000000088680000)
 Metaspace       used 21336K, capacity 21778K, committed 21936K, reserved 1071104K
  class space    used 2546K, capacity 2694K, committed 2816K, reserved 1048576K

Card table byte_map: [0x00000000123a0000,0x00000000127a0000] byte_map_base: 0x0000000011f94000

Marking Bits: (ParMarkBitMap*) 0x000000006a1af030
 Begin Bits: [0x0000000013250000, 0x00000000151f0000)
 End Bits:   [0x00000000151f0000, 0x0000000017190000)

Polling page: 0x0000000000fa0000

CodeCache: size=245760Kb used=5144Kb max_used=5151Kb free=240615Kb
 bounds [0x0000000002fe0000, 0x00000000034f0000, 0x0000000011fe0000]
 total_blobs=2119 nmethods=1707 adapters=325
 compilation: enabled

Compilation events (10 events):
Event: 1.412 Thread 0x0000000019da2000 nmethod 1703 0x00000000034e9d50 code [0x00000000034e9ea0, 0x00000000034e9fb0]
Event: 1.413 Thread 0x0000000019da2000 1705       3       java.lang.ThreadLocal$ThreadLocalMap::getEntryAfterMiss (63 bytes)
Event: 1.414 Thread 0x0000000019da2000 nmethod 1705 0x00000000034e7ed0 code [0x00000000034e8060, 0x00000000034e85c8]
Event: 1.414 Thread 0x0000000019da2000 1706       3       java.util.AbstractMap$SimpleEntry::hashCode (38 bytes)
Event: 1.414 Thread 0x0000000019d9d800 nmethod 1691 0x00000000034ebb50 code [0x00000000034ebcc0, 0x00000000034ec0d8]
Event: 1.414 Thread 0x0000000019da2000 nmethod 1706 0x00000000034e9710 code [0x00000000034e98a0, 0x00000000034e9c38]
Event: 1.424 Thread 0x0000000019da2000 1707       3       org.jetbrains.kotlin.com.intellij.util.containers.hash.HashUtil::hash (27 bytes)
Event: 1.425 Thread 0x0000000019da2000 nmethod 1707 0x00000000034e9010 code [0x00000000034e91a0, 0x00000000034e9598]
Event: 1.425 Thread 0x0000000019da2000 1708       3       org.jetbrains.kotlin.com.intellij.util.io.FileAccessorCache::getHashCode (5 bytes)
Event: 1.425 Thread 0x0000000019da2000 nmethod 1708 0x00000000034e8b90 code [0x00000000034e8d00, 0x00000000034e8f28]

GC Heap History (10 events):
Event: 0.362 GC heap before
{Heap before GC invocations=1 (full 0):
 PSYoungGen      total 38400K, used 20144K [0x00000000d5d80000, 0x00000000d8800000, 0x0000000100000000)
  eden space 33280K, 60% used [0x00000000d5d80000,0x00000000d712c1e8,0x00000000d7e00000)
  from space 5120K, 0% used [0x00000000d8300000,0x00000000d8300000,0x00000000d8800000)
  to   space 5120K, 0% used [0x00000000d7e00000,0x00000000d7e00000,0x00000000d8300000)
 ParOldGen       total 87552K, used 0K [0x0000000081800000, 0x0000000086d80000, 0x00000000d5d80000)
  object space 87552K, 0% used [0x0000000081800000,0x0000000081800000,0x0000000086d80000)
 Metaspace       used 7634K, capacity 7980K, committed 8064K, reserved 1062912K
  class space    used 789K, capacity 860K, committed 896K, reserved 1048576K
Event: 0.366 GC heap after
Heap after GC invocations=1 (full 0):
 PSYoungGen      total 38400K, used 4530K [0x00000000d5d80000, 0x00000000d8800000, 0x0000000100000000)
  eden space 33280K, 0% used [0x00000000d5d80000,0x00000000d5d80000,0x00000000d7e00000)
  from space 5120K, 88% used [0x00000000d7e00000,0x00000000d826c9b0,0x00000000d8300000)
  to   space 5120K, 0% used [0x00000000d8300000,0x00000000d8300000,0x00000000d8800000)
 ParOldGen       total 87552K, used 8K [0x0000000081800000, 0x0000000086d80000, 0x00000000d5d80000)
  object space 87552K, 0% used [0x0000000081800000,0x0000000081802000,0x0000000086d80000)
 Metaspace       used 7634K, capacity 7980K, committed 8064K, reserved 1062912K
  class space    used 789K, capacity 860K, committed 896K, reserved 1048576K
}
Event: 0.366 GC heap before
{Heap before GC invocations=2 (full 1):
 PSYoungGen      total 38400K, used 4530K [0x00000000d5d80000, 0x00000000d8800000, 0x0000000100000000)
  eden space 33280K, 0% used [0x00000000d5d80000,0x00000000d5d80000,0x00000000d7e00000)
  from space 5120K, 88% used [0x00000000d7e00000,0x00000000d826c9b0,0x00000000d8300000)
  to   space 5120K, 0% used [0x00000000d8300000,0x00000000d8300000,0x00000000d8800000)
 ParOldGen       total 87552K, used 8K [0x0000000081800000, 0x0000000086d80000, 0x00000000d5d80000)
  object space 87552K, 0% used [0x0000000081800000,0x0000000081802000,0x0000000086d80000)
 Metaspace       used 7634K, capacity 7980K, committed 8064K, reserved 1062912K
  class space    used 789K, capacity 860K, committed 896K, reserved 1048576K
Event: 0.376 GC heap after
Heap after GC invocations=2 (full 1):
 PSYoungGen      total 38400K, used 0K [0x00000000d5d80000, 0x00000000d8800000, 0x0000000100000000)
  eden space 33280K, 0% used [0x00000000d5d80000,0x00000000d5d80000,0x00000000d7e00000)
  from space 5120K, 0% used [0x00000000d7e00000,0x00000000d7e00000,0x00000000d8300000)
  to   space 5120K, 0% used [0x00000000d8300000,0x00000000d8300000,0x00000000d8800000)
 ParOldGen       total 61440K, used 4156K [0x0000000081800000, 0x0000000085400000, 0x00000000d5d80000)
  object space 61440K, 6% used [0x0000000081800000,0x0000000081c0f200,0x0000000085400000)
 Metaspace       used 7634K, capacity 7980K, committed 8064K, reserved 1060864K
  class space    used 789K, capacity 860K, committed 896K, reserved 1048576K
}
Event: 0.765 GC heap before
{Heap before GC invocations=3 (full 1):
 PSYoungGen      total 38400K, used 33280K [0x00000000d5d80000, 0x00000000d8800000, 0x0000000100000000)
  eden space 33280K, 100% used [0x00000000d5d80000,0x00000000d7e00000,0x00000000d7e00000)
  from space 5120K, 0% used [0x00000000d7e00000,0x00000000d7e00000,0x00000000d8300000)
  to   space 5120K, 0% used [0x00000000d8300000,0x00000000d8300000,0x00000000d8800000)
 ParOldGen       total 61440K, used 4156K [0x0000000081800000, 0x0000000085400000, 0x00000000d5d80000)
  object space 61440K, 6% used [0x0000000081800000,0x0000000081c0f200,0x0000000085400000)
 Metaspace       used 13178K, capacity 13420K, committed 13696K, reserved 1064960K
  class space    used 1495K, capacity 1562K, committed 1664K, reserved 1048576K
Event: 0.771 GC heap after
Heap after GC invocations=3 (full 1):
 PSYoungGen      total 38400K, used 5117K [0x00000000d5d80000, 0x00000000d9380000, 0x0000000100000000)
  eden space 33280K, 0% used [0x00000000d5d80000,0x00000000d5d80000,0x00000000d7e00000)
  from space 5120K, 99% used [0x00000000d8300000,0x00000000d87ff4f0,0x00000000d8800000)
  to   space 5120K, 0% used [0x00000000d7e00000,0x00000000d7e00000,0x00000000d8300000)
 ParOldGen       total 61440K, used 7286K [0x0000000081800000, 0x0000000085400000, 0x00000000d5d80000)
  object space 61440K, 11% used [0x0000000081800000,0x0000000081f1d9f0,0x0000000085400000)
 Metaspace       used 13178K, capacity 13420K, committed 13696K, reserved 1064960K
  class space    used 1495K, capacity 1562K, committed 1664K, reserved 1048576K
}
Event: 1.235 GC heap before
{Heap before GC invocations=4 (full 1):
 PSYoungGen      total 38400K, used 36431K [0x00000000d5d80000, 0x00000000d9380000, 0x0000000100000000)
  eden space 33280K, 94% used [0x00000000d5d80000,0x00000000d7c14870,0x00000000d7e00000)
  from space 5120K, 99% used [0x00000000d8300000,0x00000000d87ff4f0,0x00000000d8800000)
  to   space 5120K, 0% used [0x00000000d7e00000,0x00000000d7e00000,0x00000000d8300000)
 ParOldGen       total 61440K, used 7286K [0x0000000081800000, 0x0000000085400000, 0x00000000d5d80000)
  object space 61440K, 11% used [0x0000000081800000,0x0000000081f1d9f0,0x0000000085400000)
 Metaspace       used 20773K, capacity 21174K, committed 21296K, reserved 1071104K
  class space    used 2473K, capacity 2628K, committed 2688K, reserved 1048576K
Event: 1.242 GC heap after
Heap after GC invocations=4 (full 1):
 PSYoungGen      total 38400K, used 5100K [0x00000000d5d80000, 0x00000000d9380000, 0x0000000100000000)
  eden space 33280K, 0% used [0x00000000d5d80000,0x00000000d5d80000,0x00000000d7e00000)
  from space 5120K, 99% used [0x00000000d7e00000,0x00000000d82fb370,0x00000000d8300000)
  to   space 5120K, 0% used [0x00000000d8e80000,0x00000000d8e80000,0x00000000d9380000)
 ParOldGen       total 61440K, used 12950K [0x0000000081800000, 0x0000000085400000, 0x00000000d5d80000)
  object space 61440K, 21% used [0x0000000081800000,0x00000000824a5808,0x0000000085400000)
 Metaspace       used 20773K, capacity 21174K, committed 21296K, reserved 1071104K
  class space    used 2473K, capacity 2628K, committed 2688K, reserved 1048576K
}
Event: 1.242 GC heap before
{Heap before GC invocations=5 (full 2):
 PSYoungGen      total 38400K, used 5100K [0x00000000d5d80000, 0x00000000d9380000, 0x0000000100000000)
  eden space 33280K, 0% used [0x00000000d5d80000,0x00000000d5d80000,0x00000000d7e00000)
  from space 5120K, 99% used [0x00000000d7e00000,0x00000000d82fb370,0x00000000d8300000)
  to   space 5120K, 0% used [0x00000000d8e80000,0x00000000d8e80000,0x00000000d9380000)
 ParOldGen       total 61440K, used 12950K [0x0000000081800000, 0x0000000085400000, 0x00000000d5d80000)
  object space 61440K, 21% used [0x0000000081800000,0x00000000824a5808,0x0000000085400000)
 Metaspace       used 20773K, capacity 21174K, committed 21296K, reserved 1071104K
  class space    used 2473K, capacity 2628K, committed 2688K, reserved 1048576K
Event: 1.267 GC heap after
Heap after GC invocations=5 (full 2):
 PSYoungGen      total 38400K, used 0K [0x00000000d5d80000, 0x00000000d9380000, 0x0000000100000000)
  eden space 33280K, 0% used [0x00000000d5d80000,0x00000000d5d80000,0x00000000d7e00000)
  from space 5120K, 0% used [0x00000000d7e00000,0x00000000d7e00000,0x00000000d8300000)
  to   space 5120K, 0% used [0x00000000d8e80000,0x00000000d8e80000,0x00000000d9380000)
 ParOldGen       total 113152K, used 11653K [0x0000000081800000, 0x0000000088680000, 0x00000000d5d80000)
  object space 113152K, 10% used [0x0000000081800000,0x0000000082361718,0x0000000088680000)
 Metaspace       used 20773K, capacity 21174K, committed 21296K, reserved 1071104K
  class space    used 2473K, capacity 2628K, committed 2688K, reserved 1048576K
}

Deoptimization events (10 events):
Event: 1.134 Thread 0x0000000002ee7800 Uncommon trap: reason=class_check action=maybe_recompile pc=0x0000000003335680 method=java.util.Collections$UnmodifiableCollection.size()I @ 4
Event: 1.134 Thread 0x0000000002ee7800 Uncommon trap: reason=class_check action=maybe_recompile pc=0x0000000003346c2c method=java.util.Collections$UnmodifiableList.get(I)Ljava/lang/Object; @ 5
Event: 1.134 Thread 0x0000000002ee7800 Uncommon trap: reason=class_check action=maybe_recompile pc=0x0000000003346c2c method=java.util.Collections$UnmodifiableList.get(I)Ljava/lang/Object; @ 5
Event: 1.135 Thread 0x0000000002ee7800 Uncommon trap: reason=class_check action=maybe_recompile pc=0x0000000003335680 method=java.util.Collections$UnmodifiableCollection.size()I @ 4
Event: 1.135 Thread 0x0000000002ee7800 Uncommon trap: reason=class_check action=maybe_recompile pc=0x0000000003346c2c method=java.util.Collections$UnmodifiableList.get(I)Ljava/lang/Object; @ 5
Event: 1.135 Thread 0x0000000002ee7800 Uncommon trap: reason=class_check action=maybe_recompile pc=0x0000000003346c2c method=java.util.Collections$UnmodifiableList.get(I)Ljava/lang/Object; @ 5
Event: 1.135 Thread 0x0000000002ee7800 Uncommon trap: reason=unstable_if action=reinterpret pc=0x000000000318fd08 method=java.lang.String.startsWith(Ljava/lang/String;I)Z @ 25
Event: 1.195 Thread 0x0000000002ee7800 Uncommon trap: reason=unstable_if action=reinterpret pc=0x00000000033f6170 method=sun.misc.MetaIndex.mayContain(Ljava/lang/String;)Z @ 38
Event: 1.196 Thread 0x0000000002ee7800 Uncommon trap: reason=unstable_if action=reinterpret pc=0x00000000031f0858 method=sun.misc.MetaIndex.mayContain(Ljava/lang/String;)Z @ 38
Event: 1.310 Thread 0x0000000002ee7800 Uncommon trap: reason=unstable_if action=reinterpret pc=0x0000000003353c24 method=java.lang.String.<init>([CII)V @ 18

Classes redefined (0 events):
No events

Internal exceptions (10 events):
Event: 0.304 Thread 0x0000000002ee7800 Exception <a 'java/security/PrivilegedActionException'> (0x00000000d6c18c38) thrown at [C:\src\AOSP-openjdk-git\hotspot\src\share\vm\prims\jvm.cpp, line 1502]
Event: 0.304 Thread 0x0000000002ee7800 Exception <a 'java/security/PrivilegedActionException'> (0x00000000d6c1a728) thrown at [C:\src\AOSP-openjdk-git\hotspot\src\share\vm\prims\jvm.cpp, line 1502]
Event: 0.304 Thread 0x0000000002ee7800 Exception <a 'java/security/PrivilegedActionException'> (0x00000000d6c1ab20) thrown at [C:\src\AOSP-openjdk-git\hotspot\src\share\vm\prims\jvm.cpp, line 1502]
Event: 0.476 Thread 0x0000000002ee7800 Exception <a 'java/lang/ArrayIndexOutOfBoundsException'> (0x00000000d6671b90) thrown at [C:\src\AOSP-openjdk-git\hotspot\src\share\vm\runtime\sharedRuntime.cpp, line 605]
Event: 0.590 Thread 0x0000000002ee7800 Exception <a 'java/lang/ArrayIndexOutOfBoundsException'> (0x00000000d6fea590) thrown at [C:\src\AOSP-openjdk-git\hotspot\src\share\vm\runtime\sharedRuntime.cpp, line 605]
Event: 0.933 Thread 0x0000000002ee7800 Exception <a 'java/lang/NoSuchMethodError': java.lang.Object.lambda$comparing$77a9974f$1(Ljava/util/function/Function;Ljava/lang/Object;Ljava/lang/Object;)I> (0x00000000d6ad3140) thrown at [C:\src\AOSP-openjdk-git\hotspot\src\share\vm\interpreter\linkReso
Event: 0.951 Thread 0x0000000002ee7800 Exception <a 'java/lang/NoSuchMethodError': java.lang.Object.lambda$static$0()J> (0x00000000d6bd5c50) thrown at [C:\src\AOSP-openjdk-git\hotspot\src\share\vm\interpreter\linkResolver.cpp, line 620]
Event: 1.106 Thread 0x0000000002ee7800 Exception <a 'java/lang/NoSuchMethodError': java.lang.Object.lambda$static$0(I)[Lorg/jetbrains/kotlin/com/intellij/openapi/editor/event/DocumentListener;> (0x00000000d73242f0) thrown at [C:\src\AOSP-openjdk-git\hotspot\src\share\vm\interpreter\linkResolve
Event: 1.126 Thread 0x0000000002ee7800 Exception <a 'java/lang/NoSuchMethodError': java.lang.Object.lambda$static$0(I)[Lorg/jetbrains/kotlin/com/intellij/psi/PsiAnnotation;> (0x00000000d753f580) thrown at [C:\src\AOSP-openjdk-git\hotspot\src\share\vm\interpreter\linkResolver.cpp, line 620]
Event: 1.183 Thread 0x0000000002ee7800 Exception <a 'java/lang/NoSuchMethodError': java.lang.Object.lambda$static$0(I)[Lorg/jetbrains/kotlin/com/intellij/psi/PsiElement;> (0x00000000d79933b8) thrown at [C:\src\AOSP-openjdk-git\hotspot\src\share\vm\interpreter\linkResolver.cpp, line 620]

Events (10 events):
Event: 1.310 Thread 0x0000000002ee7800 DEOPT PACKING pc=0x0000000003353c24 sp=0x0000000002eddef0
Event: 1.310 Thread 0x0000000002ee7800 DEOPT UNPACKING pc=0x000000000302557b sp=0x0000000002edde60 mode 2
Event: 1.374 loading class java/time/Instant
Event: 1.374 loading class java/time/temporal/Temporal
Event: 1.374 loading class java/time/temporal/TemporalAccessor
Event: 1.375 loading class java/time/temporal/TemporalAccessor done
Event: 1.375 loading class java/time/temporal/Temporal done
Event: 1.375 loading class java/time/temporal/TemporalAdjuster
Event: 1.375 loading class java/time/temporal/TemporalAdjuster done
Event: 1.375 loading class java/time/Instant done


Dynamic libraries:
0x00007ff681e60000 - 0x00007ff681e91000 	C:\Program Files\Android\Android Studio\jre\jre\bin\java.exe
0x00007ffcbdd40000 - 0x00007ffcbdf30000 	C:\Windows\SYSTEM32\ntdll.dll
0x00007ffcbbdf0000 - 0x00007ffcbbea2000 	C:\Windows\System32\KERNEL32.DLL
0x00007ffcbb060000 - 0x00007ffcbb305000 	C:\Windows\System32\KERNELBASE.dll
0x00007ffcbcbe0000 - 0x00007ffcbcc83000 	C:\Windows\System32\ADVAPI32.dll
0x00007ffcbc240000 - 0x00007ffcbc2de000 	C:\Windows\System32\msvcrt.dll
0x00007ffcbcd40000 - 0x00007ffcbcdd7000 	C:\Windows\System32\sechost.dll
0x00007ffcbc350000 - 0x00007ffcbc470000 	C:\Windows\System32\RPCRT4.dll
0x00007ffcbcde0000 - 0x00007ffcbcf74000 	C:\Windows\System32\USER32.dll
0x00007ffcbadb0000 - 0x00007ffcbadd1000 	C:\Windows\System32\win32u.dll
0x00007ffcbc320000 - 0x00007ffcbc346000 	C:\Windows\System32\GDI32.dll
0x00007ffcbb330000 - 0x00007ffcbb4c6000 	C:\Windows\System32\gdi32full.dll
0x00007ffcbade0000 - 0x00007ffcbae7e000 	C:\Windows\System32\msvcp_win.dll
0x00007ffcbacb0000 - 0x00007ffcbadaa000 	C:\Windows\System32\ucrtbase.dll
0x00007ffca7ee0000 - 0x00007ffca8164000 	C:\Windows\WinSxS\amd64_microsoft.windows.common-controls_6595b64144ccf1df_6.0.18362.1256_none_9e7e379be45e40e2\COMCTL32.dll
0x00007ffcbcf80000 - 0x00007ffcbd2b6000 	C:\Windows\System32\combase.dll
0x00007ffcbbcb0000 - 0x00007ffcbbd31000 	C:\Windows\System32\bcryptPrimitives.dll
0x00007ffcbc2e0000 - 0x00007ffcbc30e000 	C:\Windows\System32\IMM32.DLL
0x00000000690a0000 - 0x0000000069172000 	C:\Program Files\Android\Android Studio\jre\jre\bin\msvcr100.dll
0x00000000699e0000 - 0x000000006a22b000 	C:\Program Files\Android\Android Studio\jre\jre\bin\server\jvm.dll
0x00007ffcbdcf0000 - 0x00007ffcbdcf8000 	C:\Windows\System32\PSAPI.DLL
0x00007ffca2870000 - 0x00007ffca2879000 	C:\Windows\SYSTEM32\WSOCK32.dll
0x00007ffcb9680000 - 0x00007ffcb968a000 	C:\Windows\SYSTEM32\VERSION.dll
0x00007ffcbd2c0000 - 0x00007ffcbd32f000 	C:\Windows\System32\WS2_32.dll
0x00007ffcb4d20000 - 0x00007ffcb4d44000 	C:\Windows\SYSTEM32\WINMM.dll
0x00007ffcb4cf0000 - 0x00007ffcb4d1d000 	C:\Windows\SYSTEM32\WINMMBASE.dll
0x00007ffcbb4d0000 - 0x00007ffcbb51a000 	C:\Windows\System32\cfgmgr32.dll
0x00007ffcb4dd0000 - 0x00007ffcb4ddf000 	C:\Program Files\Android\Android Studio\jre\jre\bin\verify.dll
0x00007ffca0b60000 - 0x00007ffca0b89000 	C:\Program Files\Android\Android Studio\jre\jre\bin\java.dll
0x00007ffca8190000 - 0x00007ffca81a6000 	C:\Program Files\Android\Android Studio\jre\jre\bin\zip.dll
0x00007ffcbc470000 - 0x00007ffcbcb57000 	C:\Windows\System32\SHELL32.dll
0x00007ffcbd330000 - 0x00007ffcbd3d9000 	C:\Windows\System32\shcore.dll
0x00007ffcbb520000 - 0x00007ffcbbca1000 	C:\Windows\System32\windows.storage.dll
0x00007ffcbac80000 - 0x00007ffcbaca3000 	C:\Windows\System32\profapi.dll
0x00007ffcbac30000 - 0x00007ffcbac7a000 	C:\Windows\System32\powrprof.dll
0x00007ffcbabe0000 - 0x00007ffcbabf0000 	C:\Windows\System32\UMPDC.dll
0x00007ffcbda00000 - 0x00007ffcbda52000 	C:\Windows\System32\shlwapi.dll
0x00007ffcbac10000 - 0x00007ffcbac21000 	C:\Windows\System32\kernel.appcore.dll
0x00007ffcbb310000 - 0x00007ffcbb327000 	C:\Windows\System32\cryptsp.dll
0x00007ffca64b0000 - 0x00007ffca64ca000 	C:\Program Files\Android\Android Studio\jre\jre\bin\net.dll
0x00007ffcba3e0000 - 0x00007ffcba447000 	C:\Windows\system32\mswsock.dll
0x00007ffca1330000 - 0x00007ffca1343000 	C:\Program Files\Android\Android Studio\jre\jre\bin\nio.dll

VM Arguments:
java_command: org.jetbrains.kotlin.cli.jvm.K2JVMCompiler -Xallow-no-source-files -classpath D:\Android\Lab3\app\build\intermediates\compile_and_runtime_not_namespaced_r_class_jar\debug\R.jar;C:\Users\XXX\.gradle\caches\transforms-2\files-2.1\fc91d5bc58cc0c88cb936add3a98e286\jetified-viewbinding-4.1.1-api.jar;C:\Users\XXX\.gradle\caches\transforms-2\files-2.1\7dd12f5c12bbc8763f56ff43eb6c0e6c\jetified-core-ktx-1.3.2-api.jar;C:\Users\XXX\.gradle\caches\transforms-2\files-2.1\11113c3fa854ec888459064d2df18fe4\material-1.2.1-api.jar;C:\Users\XXX\.gradle\caches\transforms-2\files-2.1\b25ddf2e96af322447a13427697d1645\constraintlayout-2.0.4-api.jar;C:\Users\XXX\.gradle\caches\transforms-2\files-2.1\fab8c661dcbdb58687963b56ebd4d14a\appcompat-1.2.0-api.jar;C:\Users\XXX\.gradle\caches\transforms-2\files-2.1\1e632676206de28e16b25dfbe2fcd1c1\jetified-firebase-database-ktx-19.6.0-api.jar;C:\Users\XXX\.gradle\caches\transforms-2\files-2.1\c5c7681b3097c90495380025b1de5abc\jetified-play-services-ads-19.6.0-api.jar;C:\Users\XXX\.gradle\caches\transforms-2\files-2.1\cfbee8040c74b4202870c2e7a705b630\jetified-viewpager2-1.0.0-api.jar;C:\Users\XXX\.gradle\caches\transforms-2\files-2.1\49d65bb34a3d34e42283b6e1152d60dd\jetified-firebase-analytics-ktx-18.0.0-api.jar;C:\Users\XXX\.gradle\caches\transforms-2\files-2.1\260fd3ebd91f8967dca7636dfbed3267\jetified-firebase-common-ktx-19.5.0-api.jar;C:\Users\XXX\.gradle\caches\transforms-2\files-2.1\ffe55bdadef764d0c42712b99f12abce\jetified-firebase-database-19.6.0-api.jar;C:\Users\XXX\.gradle\caches\transforms-2\files-2.1\e500a75cc4082314da1d60da60408bf1\jetified-firebase-analytics-18.0.0-api.jar;C:\Users\XXX\.gradle\caches\transforms-2\files-2.1\882e8dc62e5eb977187a83fc0f62844a\jetified-play-services-measurement-api-18.0.0-api.jar;C:\Users\XXX\.gradle\caches\transforms-2\files-2.1\dda0723b864a0e8d70149fe9d5042908\jetified-firebase-auth-interop-18.0.0-api.jar;C:\Users\XXX\.gradle\caches\transforms-2\files-2.1\3df10ae40f7ccd21ace48ff48aff33da\jeti
java_class_path (initial): C:\Users\XXX\.gradle\caches\modules-2\files-2.1\org.jetbrains.kotlin\kotlin-compiler-embeddable\1.3.72\fb72232c8fa977d5e07d33c43381ddbdc5edab6\kotlin-compiler-embeddable-1.3.72.jar;C:\Users\XXX\.gradle\caches\modules-2\files-2.1\org.jetbrains.kotlin\kotlin-reflect\1.3.72\86613e1a669a701b0c660bfd2af4f82a7ae11fca\kotlin-reflect-1.3.72.jar;C:\Users\XXX\.gradle\caches\modules-2\files-2.1\org.jetbrains.kotlin\kotlin-stdlib\1.3.72\8032138f12c0180bc4e51fe139d4c52b46db6109\kotlin-stdlib-1.3.72.jar;C:\Users\XXX\.gradle\caches\modules-2\files-2.1\org.jetbrains.kotlin\kotlin-script-runtime\1.3.72\657d8d34d91e1964b4439378c09933e840bfe8d5\kotlin-script-runtime-1.3.72.jar;C:\Users\XXX\.gradle\caches\modules-2\files-2.1\org.jetbrains.kotlin\kotlin-daemon-embeddable\1.3.72\53bbaa2816dbf6bdb85f629451b1fcc88f2164d2\kotlin-daemon-embeddable-1.3.72.jar;C:\Users\XXX\.gradle\caches\modules-2\files-2.1\org.jetbrains.intellij.deps\trove4j\1.0.20181211\216c2e14b070f334479d800987affe4054cd563f\trove4j-1.0.20181211.jar;C:\Users\XXX\.gradle\caches\modules-2\files-2.1\org.jetbrains.kotlin\kotlin-stdlib-common\1.3.72\6ca8bee3d88957eaaaef077c41c908c9940492d8\kotlin-stdlib-common-1.3.72.jar;C:\Users\XXX\.gradle\caches\modules-2\files-2.1\org.jetbrains\annotations\13.0\919f0dfe192fb4e063e7dacadee7f8bb9a2672a9\annotations-13.0.jar;C:\Program Files\Android\Android Studio\jre\lib\tools.jar
Launcher Type: SUN_STANDARD

Environment Variables:
PATH=C:\Program Files\Common Files\Oracle\Java\javapath;C:\Windows\system32;C:\Windows;C:\Windows\System32\Wbem;C:\Windows\System32\WindowsPowerShell\v1.0\;C:\Windows\System32\OpenSSH\;C:\Program Files (x86)\Intel\Intel(R) Management Engine Components\DAL;C:\Program Files\Intel\Intel(R) Management Engine Components\DAL;C:\Program Files\Intel\WiFi\bin\;C:\Program Files\Common Files\Intel\WirelessCommon\;C:\Program Files\Git\cmd;C:\Program Files\dotnet\;C:\Program Files\Microsoft SQL Server\130\Tools\Binn\;C:\Program Files\Microsoft SQL Server\Client SDK\ODBC\170\Tools\Binn\;C:\Program Files (x86)\Microsoft SQL Server\Client SDK\ODBC\110\Tools\Binn\;C:\Program Files (x86)\Microsoft SQL Server\120\Tools\Binn\;C:\Program Files (x86)\Microsoft SQL Server\120\DTS\Binn\;C:\Program Files\Docker\Docker\resources\bin;C:\ProgramData\DockerDesktop\version-bin;%MAVEN_HOME%\bin;C:\Program Files (x86)\Microsoft SQL Server\150\DTS\Binn\;C:\Program Files\Azure Data Studio\bin;C:\Users\XXX\AppData\Local\Microsoft\WindowsApps;C:\Program Files\Maven\apache-maven-3.6.3\\bin;C:\Users\XXX\.dotnet\tools;;C:\Program Files\Azure Data Studio\bin
USERNAME=XXX
OS=Windows_NT
PROCESSOR_IDENTIFIER=Intel64 Family 6 Model 142 Stepping 10, GenuineIntel



---------------  S Y S T E M  ---------------

OS: Windows 10.0 , 64 bit Build 18362 (10.0.18362.1110)

CPU:total 8 (initial active 8) (4 cores per cpu, 2 threads per core) family 6 model 142 stepping 10, cmov, cx8, fxsr, mmx, sse, sse2, sse3, ssse3, sse4.1, sse4.2, popcnt, avx, avx2, aes, clmul, erms, 3dnowpref, lzcnt, ht, tsc, tscinvbit, bmi1, bmi2, adx

Memory: 4k page, physical 8286508k(1231868k free), swap 11130428k(4348k free)

vm_info: OpenJDK 64-Bit Server VM (25.242-b01) for windows-amd64 JRE (1.8.0_242-release-1644-b01), built by "builder" with MS VC++ 10.0 (VS2010)

time: Tue Dec 22 11:16:01 2020
timezone: Беларусь (зима)
elapsed time: 1 seconds (0d 0h 0m 1s)

