#
# There is insufficient memory for the Java Runtime Environment to continue.
# Native memory allocation (malloc) failed to allocate 1148336 bytes for Chunk::new
# Possible reasons:
#   The system is out of physical RAM or swap space
#   The process is running with CompressedOops enabled, and the Java Heap may be blocking the growth of the native heap
# Possible solutions:
#   Reduce memory load on the system
#   Increase physical memory or swap space
#   Check if swap backing store is full
#   Decrease Java heap size (-Xmx/-Xms)
#   Decrease number of Java threads
#   Decrease Java thread stack sizes (-Xss)
#   Set larger code cache with -XX:ReservedCodeCacheSize=
#   JVM is running with Unscaled Compressed Oops mode in which the Java heap is
#     placed in the first 4GB address space. The Java Heap base address is the
#     maximum limit for the native heap growth. Please use -XX:HeapBaseMinAddress
#     to set the Java Heap base and to place the Java Heap above 4GB virtual address.
# This output file may be truncated or incomplete.
#
#  Out of Memory Error (allocation.cpp:389), pid=16140, tid=0x0000000000002ea8
#
# JRE version: OpenJDK Runtime Environment (8.0_242-b01) (build 1.8.0_242-release-1644-b01)
# Java VM: OpenJDK 64-Bit Server VM (25.242-b01 mixed mode windows-amd64 compressed oops)
# Failed to write core dump. Minidumps are not enabled by default on client versions of Windows
#

---------------  T H R E A D  ---------------

Current thread (0x0000000019f6d800):  JavaThread "C2 CompilerThread0" daemon [_thread_in_native, id=11944, stack(0x000000001a840000,0x000000001a940000)]

Stack: [0x000000001a840000,0x000000001a940000]
[error occurred during error reporting (printing stack bounds), id 0xc0000005]

Native frames: (J=compiled Java code, j=interpreted, Vv=VM code, C=native code)


Current CompileTask:
C2:   3124 3424   !   4       org.jetbrains.kotlin.metadata.ProtoBuf$Function::<init> (1112 bytes)


---------------  P R O C E S S  ---------------

Java Threads: ( => current thread )
  0x0000000019ffe000 JavaThread "Service Thread" daemon [_thread_blocked, id=19208, stack(0x000000001ac40000,0x000000001ad40000)]
  0x0000000019f72000 JavaThread "C1 CompilerThread3" daemon [_thread_blocked, id=16596, stack(0x000000001ab40000,0x000000001ac40000)]
  0x000000001815b800 JavaThread "C2 CompilerThread2" daemon [_thread_in_native, id=15740, stack(0x000000001aa40000,0x000000001ab40000)]
  0x0000000018159000 JavaThread "C2 CompilerThread1" daemon [_thread_blocked, id=768, stack(0x000000001a940000,0x000000001aa40000)]
=>0x0000000019f6d800 JavaThread "C2 CompilerThread0" daemon [_thread_in_native, id=11944, stack(0x000000001a840000,0x000000001a940000)]
  0x0000000019f6c800 JavaThread "Attach Listener" daemon [_thread_blocked, id=12160, stack(0x000000001a740000,0x000000001a840000)]
  0x0000000019f6b000 JavaThread "Signal Dispatcher" daemon [_thread_blocked, id=11584, stack(0x000000001a640000,0x000000001a740000)]
  0x0000000018151000 JavaThread "Finalizer" daemon [_thread_blocked, id=1620, stack(0x000000001a430000,0x000000001a530000)]
  0x0000000019f50800 JavaThread "Reference Handler" daemon [_thread_blocked, id=15612, stack(0x000000001a330000,0x000000001a430000)]
  0x00000000030b7800 JavaThread "main" [_thread_in_native, id=13708, stack(0x0000000002fb0000,0x00000000030b0000)]

Other Threads:
  0x00000000031ad800 VMThread [stack: 0x0000000019e30000,0x0000000019f30000] [id=2100]
  0x000000001a00f000 WatcherThread [stack: 0x000000001ad40000,0x000000001ae40000] [id=1496]

VM state:not at safepoint (normal execution)

VM Mutex/Monitor currently owned by a thread: None

heap address: 0x0000000081800000, size: 2024 MB, Compressed Oops mode: 32-bit
Narrow klass base: 0x0000000000000000, Narrow klass shift: 3
Compressed class space size: 1073741824 Address: 0x0000000100000000

Heap:
 PSYoungGen      total 102912K, used 65552K [0x00000000d5d80000, 0x00000000de980000, 0x0000000100000000)
  eden space 97792K, 67% used [0x00000000d5d80000,0x00000000d9d841b0,0x00000000dbd00000)
  from space 5120K, 0% used [0x00000000ddf80000,0x00000000ddf80000,0x00000000de480000)
  to   space 5120K, 0% used [0x00000000de480000,0x00000000de480000,0x00000000de980000)
 ParOldGen       total 65024K, used 22440K [0x0000000081800000, 0x0000000085780000, 0x00000000d5d80000)
  object space 65024K, 34% used [0x0000000081800000,0x0000000082dea138,0x0000000085780000)
 Metaspace       used 41944K, capacity 42612K, committed 43008K, reserved 1087488K
  class space    used 5352K, capacity 5524K, committed 5632K, reserved 1048576K

Card table byte_map: [0x0000000012570000,0x0000000012970000] byte_map_base: 0x0000000012164000

Marking Bits: (ParMarkBitMap*) 0x0000000061c6f030
 Begin Bits: [0x0000000013420000, 0x00000000153c0000)
 End Bits:   [0x00000000153c0000, 0x0000000017360000)

Polling page: 0x0000000000df0000

CodeCache: size=245760Kb used=11795Kb max_used=11800Kb free=233964Kb
 bounds [0x00000000031b0000, 0x0000000003d50000, 0x00000000121b0000]
 total_blobs=4243 nmethods=3798 adapters=358
 compilation: enabled

Compilation events (10 events):
Event: 3.122 Thread 0x0000000019f72000 nmethod 3784 0x0000000003d2d010 code [0x0000000003d2d160, 0x0000000003d2d350]
Event: 3.122 Thread 0x0000000019f72000 3785       3       sun.nio.fs.WindowsPath::getFileSystem (5 bytes)
Event: 3.122 Thread 0x0000000019f72000 nmethod 3785 0x0000000003d2ccd0 code [0x0000000003d2ce20, 0x0000000003d2cf90]
Event: 3.122 Thread 0x0000000019f72000 3786       3       sun.nio.fs.WindowsFileSystemProvider::readAttributes (63 bytes)
Event: 3.122 Thread 0x0000000019f72000 nmethod 3786 0x0000000003d2c310 code [0x0000000003d2c4e0, 0x0000000003d2ca98]
Event: 3.122 Thread 0x0000000019f72000 3787       3       sun.nio.fs.WindowsFileSystemProvider::getFileAttributeView (132 bytes)
Event: 3.122 Thread 0x0000000019f72000 nmethod 3787 0x0000000003d376d0 code [0x0000000003d379a0, 0x0000000003d38aa8]
Event: 3.122 Thread 0x0000000019f72000 3788       3       sun.nio.fs.WindowsPath::toWindowsPath (32 bytes)
Event: 3.123 Thread 0x0000000019f72000 nmethod 3788 0x0000000003d2bb90 code [0x0000000003d2bd20, 0x0000000003d2c1d8]
Event: 3.123 Thread 0x0000000019f72000 3790       3       sun.nio.fs.WindowsFileAttributeViews::createDosView (10 bytes)

GC Heap History (10 events):
Event: 1.090 GC heap before
{Heap before GC invocations=3 (full 0):
 PSYoungGen      total 71680K, used 24169K [0x00000000d5d80000, 0x00000000da880000, 0x0000000100000000)
  eden space 66560K, 28% used [0x00000000d5d80000,0x00000000d701f388,0x00000000d9e80000)
  from space 5120K, 99% used [0x00000000da380000,0x00000000da87b148,0x00000000da880000)
  to   space 5120K, 0% used [0x00000000d9e80000,0x00000000d9e80000,0x00000000da380000)
 ParOldGen       total 87552K, used 7854K [0x0000000081800000, 0x0000000086d80000, 0x00000000d5d80000)
  object space 87552K, 8% used [0x0000000081800000,0x0000000081faba88,0x0000000086d80000)
 Metaspace       used 20757K, capacity 21178K, committed 21296K, reserved 1069056K
  class space    used 2473K, capacity 2628K, committed 2688K, reserved 1048576K
Event: 1.098 GC heap after
Heap after GC invocations=3 (full 0):
 PSYoungGen      total 71680K, used 5116K [0x00000000d5d80000, 0x00000000de980000, 0x0000000100000000)
  eden space 66560K, 0% used [0x00000000d5d80000,0x00000000d5d80000,0x00000000d9e80000)
  from space 5120K, 99% used [0x00000000d9e80000,0x00000000da37f148,0x00000000da380000)
  to   space 5120K, 0% used [0x00000000de480000,0x00000000de480000,0x00000000de980000)
 ParOldGen       total 87552K, used 11943K [0x0000000081800000, 0x0000000086d80000, 0x00000000d5d80000)
  object space 87552K, 13% used [0x0000000081800000,0x00000000823a9c10,0x0000000086d80000)
 Metaspace       used 20757K, capacity 21178K, committed 21296K, reserved 1069056K
  class space    used 2473K, capacity 2628K, committed 2688K, reserved 1048576K
}
Event: 1.098 GC heap before
{Heap before GC invocations=4 (full 1):
 PSYoungGen      total 71680K, used 5116K [0x00000000d5d80000, 0x00000000de980000, 0x0000000100000000)
  eden space 66560K, 0% used [0x00000000d5d80000,0x00000000d5d80000,0x00000000d9e80000)
  from space 5120K, 99% used [0x00000000d9e80000,0x00000000da37f148,0x00000000da380000)
  to   space 5120K, 0% used [0x00000000de480000,0x00000000de480000,0x00000000de980000)
 ParOldGen       total 87552K, used 11943K [0x0000000081800000, 0x0000000086d80000, 0x00000000d5d80000)
  object space 87552K, 13% used [0x0000000081800000,0x00000000823a9c10,0x0000000086d80000)
 Metaspace       used 20757K, capacity 21178K, committed 21296K, reserved 1069056K
  class space    used 2473K, capacity 2628K, committed 2688K, reserved 1048576K
Event: 1.122 GC heap after
Heap after GC invocations=4 (full 1):
 PSYoungGen      total 71680K, used 0K [0x00000000d5d80000, 0x00000000de980000, 0x0000000100000000)
  eden space 66560K, 0% used [0x00000000d5d80000,0x00000000d5d80000,0x00000000d9e80000)
  from space 5120K, 0% used [0x00000000d9e80000,0x00000000d9e80000,0x00000000da380000)
  to   space 5120K, 0% used [0x00000000de480000,0x00000000de480000,0x00000000de980000)
 ParOldGen       total 65024K, used 9050K [0x0000000081800000, 0x0000000085780000, 0x00000000d5d80000)
  object space 65024K, 13% used [0x0000000081800000,0x00000000820d6a58,0x0000000085780000)
 Metaspace       used 20757K, capacity 21178K, committed 21296K, reserved 1069056K
  class space    used 2473K, capacity 2628K, committed 2688K, reserved 1048576K
}
Event: 1.818 GC heap before
{Heap before GC invocations=5 (full 1):
 PSYoungGen      total 71680K, used 66560K [0x00000000d5d80000, 0x00000000de980000, 0x0000000100000000)
  eden space 66560K, 100% used [0x00000000d5d80000,0x00000000d9e80000,0x00000000d9e80000)
  from space 5120K, 0% used [0x00000000d9e80000,0x00000000d9e80000,0x00000000da380000)
  to   space 5120K, 0% used [0x00000000de480000,0x00000000de480000,0x00000000de980000)
 ParOldGen       total 65024K, used 9050K [0x0000000081800000, 0x0000000085780000, 0x00000000d5d80000)
  object space 65024K, 13% used [0x0000000081800000,0x00000000820d6a58,0x0000000085780000)
 Metaspace       used 27990K, capacity 28403K, committed 28672K, reserved 1075200K
  class space    used 3412K, capacity 3532K, committed 3584K, reserved 1048576K
Event: 1.829 GC heap after
Heap after GC invocations=5 (full 1):
 PSYoungGen      total 102912K, used 5091K [0x00000000d5d80000, 0x00000000de980000, 0x0000000100000000)
  eden space 97792K, 0% used [0x00000000d5d80000,0x00000000d5d80000,0x00000000dbd00000)
  from space 5120K, 99% used [0x00000000de480000,0x00000000de978c20,0x00000000de980000)
  to   space 5120K, 0% used [0x00000000ddf80000,0x00000000ddf80000,0x00000000de480000)
 ParOldGen       total 65024K, used 19260K [0x0000000081800000, 0x0000000085780000, 0x00000000d5d80000)
  object space 65024K, 29% used [0x0000000081800000,0x0000000082acf1a8,0x0000000085780000)
 Metaspace       used 27990K, capacity 28403K, committed 28672K, reserved 1075200K
  class space    used 3412K, capacity 3532K, committed 3584K, reserved 1048576K
}
Event: 2.319 GC heap before
{Heap before GC invocations=6 (full 1):
 PSYoungGen      total 102912K, used 44407K [0x00000000d5d80000, 0x00000000de980000, 0x0000000100000000)
  eden space 97792K, 40% used [0x00000000d5d80000,0x00000000d83e52f8,0x00000000dbd00000)
  from space 5120K, 99% used [0x00000000de480000,0x00000000de978c20,0x00000000de980000)
  to   space 5120K, 0% used [0x00000000ddf80000,0x00000000ddf80000,0x00000000de480000)
 ParOldGen       total 65024K, used 19260K [0x0000000081800000, 0x0000000085780000, 0x00000000d5d80000)
  object space 65024K, 29% used [0x0000000081800000,0x0000000082acf1a8,0x0000000085780000)
 Metaspace       used 34820K, capacity 35356K, committed 35496K, reserved 1081344K
  class space    used 4440K, capacity 4590K, committed 4608K, reserved 1048576K
Event: 2.328 GC heap after
Heap after GC invocations=6 (full 1):
 PSYoungGen      total 102912K, used 5093K [0x00000000d5d80000, 0x00000000de980000, 0x0000000100000000)
  eden space 97792K, 0% used [0x00000000d5d80000,0x00000000d5d80000,0x00000000dbd00000)
  from space 5120K, 99% used [0x00000000ddf80000,0x00000000de4796b0,0x00000000de480000)
  to   space 5120K, 0% used [0x00000000de480000,0x00000000de480000,0x00000000de980000)
 ParOldGen       total 65024K, used 28499K [0x0000000081800000, 0x0000000085780000, 0x00000000d5d80000)
  object space 65024K, 43% used [0x0000000081800000,0x00000000833d4da8,0x0000000085780000)
 Metaspace       used 34820K, capacity 35356K, committed 35496K, reserved 1081344K
  class space    used 4440K, capacity 4590K, committed 4608K, reserved 1048576K
}
Event: 2.328 GC heap before
{Heap before GC invocations=7 (full 2):
 PSYoungGen      total 102912K, used 5093K [0x00000000d5d80000, 0x00000000de980000, 0x0000000100000000)
  eden space 97792K, 0% used [0x00000000d5d80000,0x00000000d5d80000,0x00000000dbd00000)
  from space 5120K, 99% used [0x00000000ddf80000,0x00000000de4796b0,0x00000000de480000)
  to   space 5120K, 0% used [0x00000000de480000,0x00000000de480000,0x00000000de980000)
 ParOldGen       total 65024K, used 28499K [0x0000000081800000, 0x0000000085780000, 0x00000000d5d80000)
  object space 65024K, 43% used [0x0000000081800000,0x00000000833d4da8,0x0000000085780000)
 Metaspace       used 34820K, capacity 35356K, committed 35496K, reserved 1081344K
  class space    used 4440K, capacity 4590K, committed 4608K, reserved 1048576K
Event: 2.386 GC heap after
Heap after GC invocations=7 (full 2):
 PSYoungGen      total 102912K, used 0K [0x00000000d5d80000, 0x00000000de980000, 0x0000000100000000)
  eden space 97792K, 0% used [0x00000000d5d80000,0x00000000d5d80000,0x00000000dbd00000)
  from space 5120K, 0% used [0x00000000ddf80000,0x00000000ddf80000,0x00000000de480000)
  to   space 5120K, 0% used [0x00000000de480000,0x00000000de480000,0x00000000de980000)
 ParOldGen       total 65024K, used 22440K [0x0000000081800000, 0x0000000085780000, 0x00000000d5d80000)
  object space 65024K, 34% used [0x0000000081800000,0x0000000082dea138,0x0000000085780000)
 Metaspace       used 34820K, capacity 35356K, committed 35496K, reserved 1081344K
  class space    used 4440K, capacity 4590K, committed 4608K, reserved 1048576K
}

Deoptimization events (10 events):
Event: 2.540 Thread 0x00000000030b7800 Uncommon trap: reason=unstable_if action=reinterpret pc=0x0000000003a49a60 method=java.text.StringCharacterIterator.current()C @ 19
Event: 2.727 Thread 0x00000000030b7800 Uncommon trap: reason=unstable_if action=reinterpret pc=0x000000000392dad0 method=org.jetbrains.kotlin.com.intellij.lang.impl.PsiBuilderImpl.skipWhitespace()V @ 51
Event: 2.771 Thread 0x00000000030b7800 Uncommon trap: reason=class_check action=maybe_recompile pc=0x0000000003ab8a70 method=org.jetbrains.kotlin.load.java.structure.impl.classFiles.BinaryClassSignatureParser.parseParameterizedClassRefSignature(Ljava/text/CharacterIterator;Lorg/jetbrains/kotli
Event: 2.778 Thread 0x00000000030b7800 Uncommon trap: reason=class_check action=maybe_recompile pc=0x0000000003ab8a70 method=org.jetbrains.kotlin.load.java.structure.impl.classFiles.BinaryClassSignatureParser.parseParameterizedClassRefSignature(Ljava/text/CharacterIterator;Lorg/jetbrains/kotli
Event: 2.778 Thread 0x00000000030b7800 Uncommon trap: reason=class_check action=maybe_recompile pc=0x0000000003ab8a70 method=org.jetbrains.kotlin.load.java.structure.impl.classFiles.BinaryClassSignatureParser.parseParameterizedClassRefSignature(Ljava/text/CharacterIterator;Lorg/jetbrains/kotli
Event: 2.778 Thread 0x00000000030b7800 Uncommon trap: reason=class_check action=maybe_recompile pc=0x0000000003ab8a70 method=org.jetbrains.kotlin.load.java.structure.impl.classFiles.BinaryClassSignatureParser.parseParameterizedClassRefSignature(Ljava/text/CharacterIterator;Lorg/jetbrains/kotli
Event: 2.866 Thread 0x00000000030b7800 Uncommon trap: reason=unstable_if action=reinterpret pc=0x0000000003868628 method=java.lang.AbstractStringBuilder.append(Ljava/lang/CharSequence;)Ljava/lang/AbstractStringBuilder; @ 29
Event: 2.882 Thread 0x00000000030b7800 Uncommon trap: reason=unstable_if action=reinterpret pc=0x0000000003a6e2b8 method=gnu.trove.TObjectHash.insertionIndex(Ljava/lang/Object;)I @ 65
Event: 2.888 Thread 0x00000000030b7800 Uncommon trap: reason=class_check action=maybe_recompile pc=0x0000000003965158 method=java.lang.Character.codePointAt(Ljava/lang/CharSequence;I)I @ 2
Event: 3.091 Thread 0x00000000030b7800 Uncommon trap: reason=unstable_if action=reinterpret pc=0x000000000393ac3c method=org.jetbrains.kotlin.com.intellij.lang.impl.PsiBuilderImpl.skipWhitespace()V @ 51

Classes redefined (0 events):
No events

Internal exceptions (10 events):
Event: 1.791 Thread 0x00000000030b7800 Exception <a 'java/lang/ArrayIndexOutOfBoundsException'> (0x00000000d9b393c0) thrown at [C:\src\AOSP-openjdk-git\hotspot\src\share\vm\runtime\sharedRuntime.cpp, line 605]
Event: 2.116 Thread 0x00000000030b7800 Implicit null exception at 0x00000000038a1076 to 0x00000000038a1171
Event: 2.117 Thread 0x00000000030b7800 Implicit null exception at 0x00000000038a1774 to 0x00000000038a1855
Event: 2.163 Thread 0x00000000030b7800 Exception <a 'java/lang/NoSuchMethodError': java.lang.Object.lambda$static$0(I)[Lorg/jetbrains/kotlin/psi/KtExpression;> (0x00000000d7a3f650) thrown at [C:\src\AOSP-openjdk-git\hotspot\src\share\vm\interpreter\linkResolver.cpp, line 620]
Event: 2.255 Thread 0x00000000030b7800 Exception <a 'java/lang/NoSuchMethodError': java.lang.Object.lambda$static$0(I)[Lorg/jetbrains/kotlin/psi/KtDeclaration;> (0x00000000d7d95090) thrown at [C:\src\AOSP-openjdk-git\hotspot\src\share\vm\interpreter\linkResolver.cpp, line 620]
Event: 2.451 Thread 0x00000000030b7800 Exception <a 'java/lang/NoSuchMethodError': java.lang.Object.lambda$static$0(I)[Lorg/jetbrains/kotlin/psi/KtTypeElement;> (0x00000000d6159ca8) thrown at [C:\src\AOSP-openjdk-git\hotspot\src\share\vm\interpreter\linkResolver.cpp, line 620]
Event: 2.696 Thread 0x00000000030b7800 Exception <a 'java/lang/NoSuchMethodError': java.lang.Object.lambda$static$0(I)[Lorg/jetbrains/kotlin/com/intellij/psi/PsiClass;> (0x00000000d7275a50) thrown at [C:\src\AOSP-openjdk-git\hotspot\src\share\vm\interpreter\linkResolver.cpp, line 620]
Event: 2.730 Thread 0x00000000030b7800 Exception <a 'java/lang/NoSuchMethodError': java.lang.Object.lambda$static$0(I)[Lorg/jetbrains/kotlin/com/intellij/psi/PsiReference;> (0x00000000d73f4148) thrown at [C:\src\AOSP-openjdk-git\hotspot\src\share\vm\interpreter\linkResolver.cpp, line 620]
Event: 2.736 Thread 0x00000000030b7800 Exception <a 'java/lang/NoSuchMethodError': java.lang.Object.lambda$static$0(I)[Lorg/jetbrains/kotlin/com/intellij/psi/PsiTypeElement;> (0x00000000d7449a18) thrown at [C:\src\AOSP-openjdk-git\hotspot\src\share\vm\interpreter\linkResolver.cpp, line 620]
Event: 2.755 Thread 0x00000000030b7800 Exception <a 'java/lang/NoSuchMethodError': java.lang.Object.lambda$static$0(I)[Lorg/jetbrains/kotlin/com/intellij/psi/PsiTypeParameter;> (0x00000000d75319c8) thrown at [C:\src\AOSP-openjdk-git\hotspot\src\share\vm\interpreter\linkResolver.cpp, line 620]

Events (10 events):
Event: 3.117 loading class org/jetbrains/kotlin/psi/KtObjectDeclaration
Event: 3.117 loading class org/jetbrains/kotlin/psi/KtObjectDeclaration done
Event: 3.117 loading class org/jetbrains/kotlin/psi/KtObjectDeclaration
Event: 3.117 loading class org/jetbrains/kotlin/psi/KtObjectDeclaration done
Event: 3.117 loading class org/jetbrains/kotlin/psi/KtObjectDeclaration
Event: 3.117 loading class org/jetbrains/kotlin/psi/KtObjectDeclaration done
Event: 3.118 loading class org/jetbrains/kotlin/resolve/scopes/DescriptorKindExclude$NonExtensions
Event: 3.118 loading class org/jetbrains/kotlin/resolve/scopes/DescriptorKindExclude$NonExtensions done
Event: 3.119 loading class org/jetbrains/kotlin/resolve/scopes/DescriptorKindExclude
Event: 3.119 loading class org/jetbrains/kotlin/resolve/scopes/DescriptorKindExclude done


Dynamic libraries:
0x00007ff6db000000 - 0x00007ff6db031000 	C:\Program Files\Android\Android Studio\jre\jre\bin\java.exe
0x00007ffe83360000 - 0x00007ffe83550000 	C:\Windows\SYSTEM32\ntdll.dll
0x00007ffe81d80000 - 0x00007ffe81e32000 	C:\Windows\System32\KERNEL32.DLL
0x00007ffe80650000 - 0x00007ffe808f5000 	C:\Windows\System32\KERNELBASE.dll
0x00007ffe823f0000 - 0x00007ffe82493000 	C:\Windows\System32\ADVAPI32.dll
0x00007ffe819d0000 - 0x00007ffe81a6e000 	C:\Windows\System32\msvcrt.dll
0x00007ffe81880000 - 0x00007ffe81917000 	C:\Windows\System32\sechost.dll
0x00007ffe81a70000 - 0x00007ffe81b90000 	C:\Windows\System32\RPCRT4.dll
0x00007ffe81e40000 - 0x00007ffe81fd4000 	C:\Windows\System32\USER32.dll
0x00007ffe80620000 - 0x00007ffe80641000 	C:\Windows\System32\win32u.dll
0x00007ffe81d30000 - 0x00007ffe81d56000 	C:\Windows\System32\GDI32.dll
0x00007ffe80380000 - 0x00007ffe80516000 	C:\Windows\System32\gdi32full.dll
0x00007ffe81140000 - 0x00007ffe811de000 	C:\Windows\System32\msvcp_win.dll
0x00007ffe80520000 - 0x00007ffe8061a000 	C:\Windows\System32\ucrtbase.dll
0x00007ffe6d710000 - 0x00007ffe6d994000 	C:\Windows\WinSxS\amd64_microsoft.windows.common-controls_6595b64144ccf1df_6.0.18362.1256_none_9e7e379be45e40e2\COMCTL32.dll
0x00007ffe81fe0000 - 0x00007ffe82316000 	C:\Windows\System32\combase.dll
0x00007ffe81090000 - 0x00007ffe81111000 	C:\Windows\System32\bcryptPrimitives.dll
0x00007ffe83140000 - 0x00007ffe8316e000 	C:\Windows\System32\IMM32.DLL
0x00000000613c0000 - 0x0000000061492000 	C:\Program Files\Android\Android Studio\jre\jre\bin\msvcr100.dll
0x00000000614a0000 - 0x0000000061ceb000 	C:\Program Files\Android\Android Studio\jre\jre\bin\server\jvm.dll
0x00007ffe81ba0000 - 0x00007ffe81ba8000 	C:\Windows\System32\PSAPI.DLL
0x00007ffe69480000 - 0x00007ffe69489000 	C:\Windows\SYSTEM32\WSOCK32.dll
0x00007ffe79d40000 - 0x00007ffe79d4a000 	C:\Windows\SYSTEM32\VERSION.dll
0x00007ffe79d80000 - 0x00007ffe79da4000 	C:\Windows\SYSTEM32\WINMM.dll
0x00007ffe82cf0000 - 0x00007ffe82d5f000 	C:\Windows\System32\WS2_32.dll
0x00007ffe79d50000 - 0x00007ffe79d7d000 	C:\Windows\SYSTEM32\WINMMBASE.dll
0x00007ffe81210000 - 0x00007ffe8125a000 	C:\Windows\System32\cfgmgr32.dll
0x00007ffe7d200000 - 0x00007ffe7d20f000 	C:\Program Files\Android\Android Studio\jre\jre\bin\verify.dll
0x00007ffe7d190000 - 0x00007ffe7d1b9000 	C:\Program Files\Android\Android Studio\jre\jre\bin\java.dll
0x00007ffe7d170000 - 0x00007ffe7d186000 	C:\Program Files\Android\Android Studio\jre\jre\bin\zip.dll
0x00007ffe82600000 - 0x00007ffe82ce7000 	C:\Windows\System32\SHELL32.dll
0x00007ffe81920000 - 0x00007ffe819c9000 	C:\Windows\System32\shcore.dll
0x00007ffe80900000 - 0x00007ffe81081000 	C:\Windows\System32\windows.storage.dll
0x00007ffe80210000 - 0x00007ffe80233000 	C:\Windows\System32\profapi.dll
0x00007ffe80260000 - 0x00007ffe802aa000 	C:\Windows\System32\powrprof.dll
0x00007ffe80200000 - 0x00007ffe80210000 	C:\Windows\System32\UMPDC.dll
0x00007ffe824a0000 - 0x00007ffe824f2000 	C:\Windows\System32\shlwapi.dll
0x00007ffe80240000 - 0x00007ffe80251000 	C:\Windows\System32\kernel.appcore.dll
0x00007ffe81120000 - 0x00007ffe81137000 	C:\Windows\System32\cryptsp.dll
0x00007ffe6db80000 - 0x00007ffe6db9a000 	C:\Program Files\Android\Android Studio\jre\jre\bin\net.dll
0x00007ffe7fa00000 - 0x00007ffe7fa67000 	C:\Windows\system32\mswsock.dll
0x00007ffe6ba90000 - 0x00007ffe6baa3000 	C:\Program Files\Android\Android Studio\jre\jre\bin\nio.dll

VM Arguments:
java_command: org.jetbrains.kotlin.cli.jvm.K2JVMCompiler -Xallow-no-source-files -classpath D:\Android\Lab3\app\build\intermediates\compile_and_runtime_not_namespaced_r_class_jar\debug\R.jar;C:\Users\XXX\.gradle\caches\transforms-2\files-2.1\fc91d5bc58cc0c88cb936add3a98e286\jetified-viewbinding-4.1.1-api.jar;C:\Users\XXX\.gradle\caches\transforms-2\files-2.1\7dd12f5c12bbc8763f56ff43eb6c0e6c\jetified-core-ktx-1.3.2-api.jar;C:\Users\XXX\.gradle\caches\transforms-2\files-2.1\11113c3fa854ec888459064d2df18fe4\material-1.2.1-api.jar;C:\Users\XXX\.gradle\caches\transforms-2\files-2.1\b25ddf2e96af322447a13427697d1645\constraintlayout-2.0.4-api.jar;C:\Users\XXX\.gradle\caches\transforms-2\files-2.1\fab8c661dcbdb58687963b56ebd4d14a\appcompat-1.2.0-api.jar;C:\Users\XXX\.gradle\caches\transforms-2\files-2.1\96b15d48422e64908b845cc96f84770c\jetified-firebase-database-ktx-19.5.1-api.jar;C:\Users\XXX\.gradle\caches\transforms-2\files-2.1\c5c7681b3097c90495380025b1de5abc\jetified-play-services-ads-19.6.0-api.jar;C:\Users\XXX\.gradle\caches\transforms-2\files-2.1\cfbee8040c74b4202870c2e7a705b630\jetified-viewpager2-1.0.0-api.jar;C:\Users\XXX\.gradle\caches\transforms-2\files-2.1\49d65bb34a3d34e42283b6e1152d60dd\jetified-firebase-analytics-ktx-18.0.0-api.jar;C:\Users\XXX\.gradle\caches\transforms-2\files-2.1\25442c60ca0eed03c3a78638a5cf4d6c\jetified-firebase-common-ktx-19.4.0-api.jar;C:\Users\XXX\.gradle\caches\transforms-2\files-2.1\54dbfa5801ed55dc926bc065e5308d72\jetified-firebase-database-19.5.1-api.jar;C:\Users\XXX\.gradle\caches\transforms-2\files-2.1\e500a75cc4082314da1d60da60408bf1\jetified-firebase-analytics-18.0.0-api.jar;C:\Users\XXX\.gradle\caches\transforms-2\files-2.1\882e8dc62e5eb977187a83fc0f62844a\jetified-play-services-measurement-api-18.0.0-api.jar;C:\Users\XXX\.gradle\caches\transforms-2\files-2.1\dda0723b864a0e8d70149fe9d5042908\jetified-firebase-auth-interop-18.0.0-api.jar;C:\Users\XXX\.gradle\caches\transforms-2\files-2.1\c3c0f984c73d67713317b32ac82bc428\jeti
java_class_path (initial): C:\Users\XXX\.gradle\caches\modules-2\files-2.1\org.jetbrains.kotlin\kotlin-compiler-embeddable\1.3.72\fb72232c8fa977d5e07d33c43381ddbdc5edab6\kotlin-compiler-embeddable-1.3.72.jar;C:\Users\XXX\.gradle\caches\modules-2\files-2.1\org.jetbrains.kotlin\kotlin-reflect\1.3.72\86613e1a669a701b0c660bfd2af4f82a7ae11fca\kotlin-reflect-1.3.72.jar;C:\Users\XXX\.gradle\caches\modules-2\files-2.1\org.jetbrains.kotlin\kotlin-stdlib\1.3.72\8032138f12c0180bc4e51fe139d4c52b46db6109\kotlin-stdlib-1.3.72.jar;C:\Users\XXX\.gradle\caches\modules-2\files-2.1\org.jetbrains.kotlin\kotlin-script-runtime\1.3.72\657d8d34d91e1964b4439378c09933e840bfe8d5\kotlin-script-runtime-1.3.72.jar;C:\Users\XXX\.gradle\caches\modules-2\files-2.1\org.jetbrains.kotlin\kotlin-daemon-embeddable\1.3.72\53bbaa2816dbf6bdb85f629451b1fcc88f2164d2\kotlin-daemon-embeddable-1.3.72.jar;C:\Users\XXX\.gradle\caches\modules-2\files-2.1\org.jetbrains.intellij.deps\trove4j\1.0.20181211\216c2e14b070f334479d800987affe4054cd563f\trove4j-1.0.20181211.jar;C:\Users\XXX\.gradle\caches\modules-2\files-2.1\org.jetbrains.kotlin\kotlin-stdlib-common\1.3.72\6ca8bee3d88957eaaaef077c41c908c9940492d8\kotlin-stdlib-common-1.3.72.jar;C:\Users\XXX\.gradle\caches\modules-2\files-2.1\org.jetbrains\annotations\13.0\919f0dfe192fb4e063e7dacadee7f8bb9a2672a9\annotations-13.0.jar;C:\Program Files\Android\Android Studio\jre\lib\tools.jar
Launcher Type: SUN_STANDARD

Environment Variables:
PATH=C:\Program Files\Common Files\Oracle\Java\javapath;C:\Windows\system32;C:\Windows;C:\Windows\System32\Wbem;C:\Windows\System32\WindowsPowerShell\v1.0\;C:\Windows\System32\OpenSSH\;C:\Program Files (x86)\Intel\Intel(R) Management Engine Components\DAL;C:\Program Files\Intel\Intel(R) Management Engine Components\DAL;C:\Program Files\Intel\WiFi\bin\;C:\Program Files\Common Files\Intel\WirelessCommon\;C:\Program Files\Git\cmd;C:\Program Files\dotnet\;C:\Program Files\Microsoft SQL Server\130\Tools\Binn\;C:\Program Files\Microsoft SQL Server\Client SDK\ODBC\170\Tools\Binn\;C:\Program Files (x86)\Microsoft SQL Server\Client SDK\ODBC\110\Tools\Binn\;C:\Program Files (x86)\Microsoft SQL Server\120\Tools\Binn\;C:\Program Files (x86)\Microsoft SQL Server\120\DTS\Binn\;C:\Program Files\Docker\Docker\resources\bin;C:\ProgramData\DockerDesktop\version-bin;%MAVEN_HOME%\bin;C:\Program Files (x86)\Microsoft SQL Server\150\DTS\Binn\;C:\Program Files\Azure Data Studio\bin;C:\Users\XXX\AppData\Local\Microsoft\WindowsApps;C:\Program Files\Maven\apache-maven-3.6.3\\bin;C:\Users\XXX\.dotnet\tools;;C:\Program Files\Azure Data Studio\bin
USERNAME=XXX
OS=Windows_NT
PROCESSOR_IDENTIFIER=Intel64 Family 6 Model 142 Stepping 10, GenuineIntel



---------------  S Y S T E M  ---------------

OS: Windows 10.0 , 64 bit Build 18362 (10.0.18362.1110)

CPU:total 8 (initial active 8) (4 cores per cpu, 2 threads per core) family 6 model 142 stepping 10, cmov, cx8, fxsr, mmx, sse, sse2, sse3, ssse3, sse4.1, sse4.2, popcnt, avx, avx2, aes, clmul, erms, 3dnowpref, lzcnt, ht, tsc, tscinvbit, bmi1, bmi2, adx

Memory: 4k page, physical 8286508k(1029032k free), swap 11848840k(5284k free)

vm_info: OpenJDK 64-Bit Server VM (25.242-b01) for windows-amd64 JRE (1.8.0_242-release-1644-b01), built by "builder" with MS VC++ 10.0 (VS2010)

time: Sun Dec 20 22:40:32 2020
timezone: Беларусь (зима)
elapsed time: 3 seconds (0d 0h 0m 3s)

