#
# There is insufficient memory for the Java Runtime Environment to continue.
# Native memory allocation (malloc) failed to allocate 1268256 bytes for Chunk::new
# Possible reasons:
#   The system is out of physical RAM or swap space
#   The process is running with CompressedOops enabled, and the Java Heap may be blocking the growth of the native heap
# Possible solutions:
#   Reduce memory load on the system
#   Increase physical memory or swap space
#   Check if swap backing store is full
#   Decrease Java heap size (-Xmx/-Xms)
#   Decrease number of Java threads
#   Decrease Java thread stack sizes (-Xss)
#   Set larger code cache with -XX:ReservedCodeCacheSize=
#   JVM is running with Unscaled Compressed Oops mode in which the Java heap is
#     placed in the first 4GB address space. The Java Heap base address is the
#     maximum limit for the native heap growth. Please use -XX:HeapBaseMinAddress
#     to set the Java Heap base and to place the Java Heap above 4GB virtual address.
# This output file may be truncated or incomplete.
#
#  Out of Memory Error (allocation.cpp:389), pid=1300, tid=0x0000000000002cec
#
# JRE version: OpenJDK Runtime Environment (8.0_242-b01) (build 1.8.0_242-release-1644-b01)
# Java VM: OpenJDK 64-Bit Server VM (25.242-b01 mixed mode windows-amd64 compressed oops)
# Failed to write core dump. Minidumps are not enabled by default on client versions of Windows
#

---------------  T H R E A D  ---------------

Current thread (0x0000000018439000):  JavaThread "C2 CompilerThread1" daemon [_thread_in_native, id=11500, stack(0x000000001ac10000,0x000000001ad10000)]

Stack: [0x000000001ac10000,0x000000001ad10000]
[error occurred during error reporting (printing stack bounds), id 0xc0000005]

Native frames: (J=compiled Java code, j=interpreted, Vv=VM code, C=native code)


Current CompileTask:
C2:   1759 1810       4       java.net.URLClassLoader$1::run (5 bytes)


---------------  P R O C E S S  ---------------

Java Threads: ( => current thread )
  0x000000001a2d1000 JavaThread "Service Thread" daemon [_thread_blocked, id=11892, stack(0x000000001af10000,0x000000001b010000)]
  0x000000001a244000 JavaThread "C1 CompilerThread3" daemon [_thread_blocked, id=7012, stack(0x000000001ae10000,0x000000001af10000)]
  0x000000001843d800 JavaThread "C2 CompilerThread2" daemon [_thread_in_native, id=8856, stack(0x000000001ad10000,0x000000001ae10000)]
=>0x0000000018439000 JavaThread "C2 CompilerThread1" daemon [_thread_in_native, id=11500, stack(0x000000001ac10000,0x000000001ad10000)]
  0x000000001a23d800 JavaThread "C2 CompilerThread0" daemon [_thread_blocked, id=19272, stack(0x000000001ab10000,0x000000001ac10000)]
  0x000000001a23c800 JavaThread "Attach Listener" daemon [_thread_blocked, id=1624, stack(0x000000001aa10000,0x000000001ab10000)]
  0x000000001a23b000 JavaThread "Signal Dispatcher" daemon [_thread_blocked, id=16920, stack(0x000000001a910000,0x000000001aa10000)]
  0x0000000018431000 JavaThread "Finalizer" daemon [_thread_blocked, id=5008, stack(0x000000001a700000,0x000000001a800000)]
  0x000000001a220800 JavaThread "Reference Handler" daemon [_thread_blocked, id=19144, stack(0x000000001a600000,0x000000001a700000)]
  0x0000000003367800 JavaThread "main" [_thread_in_vm, id=3200, stack(0x0000000003260000,0x0000000003360000)]

Other Threads:
  0x000000000345d800 VMThread [stack: 0x000000001a100000,0x000000001a200000] [id=8520]
  0x000000001a2e2000 WatcherThread [stack: 0x000000001b010000,0x000000001b110000] [id=15664]

VM state:not at safepoint (normal execution)

VM Mutex/Monitor currently owned by a thread: None

heap address: 0x0000000081800000, size: 2024 MB, Compressed Oops mode: 32-bit
Narrow klass base: 0x0000000000000000, Narrow klass shift: 3
Compressed class space size: 1073741824 Address: 0x0000000100000000

Heap:
 PSYoungGen      total 71680K, used 38884K [0x00000000d5d80000, 0x00000000de980000, 0x0000000100000000)
  eden space 66560K, 58% used [0x00000000d5d80000,0x00000000d83790a8,0x00000000d9e80000)
  from space 5120K, 0% used [0x00000000d9e80000,0x00000000d9e80000,0x00000000da380000)
  to   space 5120K, 0% used [0x00000000de480000,0x00000000de480000,0x00000000de980000)
 ParOldGen       total 67072K, used 9050K [0x0000000081800000, 0x0000000085980000, 0x00000000d5d80000)
  object space 67072K, 13% used [0x0000000081800000,0x00000000820d6970,0x0000000085980000)
 Metaspace       used 23693K, capacity 24112K, committed 24320K, reserved 1071104K
  class space    used 2841K, capacity 2983K, committed 3072K, reserved 1048576K

Card table byte_map: [0x0000000012820000,0x0000000012c20000] byte_map_base: 0x0000000012414000

Marking Bits: (ParMarkBitMap*) 0x0000000061c6f030
 Begin Bits: [0x00000000136d0000, 0x0000000015670000)
 End Bits:   [0x0000000015670000, 0x0000000017610000)

Polling page: 0x00000000014c0000

CodeCache: size=245760Kb used=5596Kb max_used=5611Kb free=240163Kb
 bounds [0x0000000003460000, 0x00000000039e0000, 0x0000000012460000]
 total_blobs=2241 nmethods=1829 adapters=325
 compilation: enabled

Compilation events (10 events):
Event: 1.692 Thread 0x000000001a244000 nmethod 1826 0x00000000039d0590 code [0x00000000039d0700, 0x00000000039d08c8]
Event: 1.692 Thread 0x000000001a244000 1825       3       org.jetbrains.kotlin.name.FqNameUnsafe::asString (13 bytes)
Event: 1.692 Thread 0x000000001a244000 nmethod 1825 0x00000000039d01d0 code [0x00000000039d0340, 0x00000000039d0508]
Event: 1.716 Thread 0x000000001a244000 1827   !   3       java.io.BufferedReader::readLine (304 bytes)
Event: 1.717 Thread 0x000000001a244000 nmethod 1827 0x00000000039d66d0 code [0x00000000039d6960, 0x00000000039d80a8]
Event: 1.718 Thread 0x000000001a244000 1829       3       java.nio.Buffer::position (43 bytes)
Event: 1.718 Thread 0x000000001a244000 nmethod 1829 0x00000000039cfcd0 code [0x00000000039cfe40, 0x00000000039d0108]
Event: 1.718 Thread 0x000000001a244000 1828       3       java.nio.ByteBuffer::arrayOffset (35 bytes)
Event: 1.718 Thread 0x000000001a244000 nmethod 1828 0x00000000039cf6d0 code [0x00000000039cf860, 0x00000000039cfb78]
Event: 1.719 Thread 0x000000001a23d800 1830   !   4       sun.misc.URLClassPath$JarLoader::getResource (85 bytes)

GC Heap History (8 events):
Event: 0.509 GC heap before
{Heap before GC invocations=1 (full 0):
 PSYoungGen      total 38400K, used 33280K [0x00000000d5d80000, 0x00000000d8800000, 0x0000000100000000)
  eden space 33280K, 100% used [0x00000000d5d80000,0x00000000d7e00000,0x00000000d7e00000)
  from space 5120K, 0% used [0x00000000d8300000,0x00000000d8300000,0x00000000d8800000)
  to   space 5120K, 0% used [0x00000000d7e00000,0x00000000d7e00000,0x00000000d8300000)
 ParOldGen       total 87552K, used 0K [0x0000000081800000, 0x0000000086d80000, 0x00000000d5d80000)
  object space 87552K, 0% used [0x0000000081800000,0x0000000081800000,0x0000000086d80000)
 Metaspace       used 10108K, capacity 10300K, committed 10496K, reserved 1058816K
  class space    used 1108K, capacity 1180K, committed 1280K, reserved 1048576K
Event: 0.515 GC heap after
Heap after GC invocations=1 (full 0):
 PSYoungGen      total 38400K, used 5105K [0x00000000d5d80000, 0x00000000da880000, 0x0000000100000000)
  eden space 33280K, 0% used [0x00000000d5d80000,0x00000000d5d80000,0x00000000d7e00000)
  from space 5120K, 99% used [0x00000000d7e00000,0x00000000d82fc5a8,0x00000000d8300000)
  to   space 5120K, 0% used [0x00000000da380000,0x00000000da380000,0x00000000da880000)
 ParOldGen       total 87552K, used 2671K [0x0000000081800000, 0x0000000086d80000, 0x00000000d5d80000)
  object space 87552K, 3% used [0x0000000081800000,0x0000000081a9bda8,0x0000000086d80000)
 Metaspace       used 10108K, capacity 10300K, committed 10496K, reserved 1058816K
  class space    used 1108K, capacity 1180K, committed 1280K, reserved 1048576K
}
Event: 0.859 GC heap before
{Heap before GC invocations=2 (full 0):
 PSYoungGen      total 38400K, used 38385K [0x00000000d5d80000, 0x00000000da880000, 0x0000000100000000)
  eden space 33280K, 100% used [0x00000000d5d80000,0x00000000d7e00000,0x00000000d7e00000)
  from space 5120K, 99% used [0x00000000d7e00000,0x00000000d82fc5a8,0x00000000d8300000)
  to   space 5120K, 0% used [0x00000000da380000,0x00000000da380000,0x00000000da880000)
 ParOldGen       total 87552K, used 2671K [0x0000000081800000, 0x0000000086d80000, 0x00000000d5d80000)
  object space 87552K, 3% used [0x0000000081800000,0x0000000081a9bda8,0x0000000086d80000)
 Metaspace       used 15936K, capacity 16276K, committed 16384K, reserved 1062912K
  class space    used 1878K, capacity 1984K, committed 2048K, reserved 1048576K
Event: 0.866 GC heap after
Heap after GC invocations=2 (full 0):
 PSYoungGen      total 71680K, used 5100K [0x00000000d5d80000, 0x00000000da880000, 0x0000000100000000)
  eden space 66560K, 0% used [0x00000000d5d80000,0x00000000d5d80000,0x00000000d9e80000)
  from space 5120K, 99% used [0x00000000da380000,0x00000000da87b148,0x00000000da880000)
  to   space 5120K, 0% used [0x00000000d9e80000,0x00000000d9e80000,0x00000000da380000)
 ParOldGen       total 87552K, used 7727K [0x0000000081800000, 0x0000000086d80000, 0x00000000d5d80000)
  object space 87552K, 8% used [0x0000000081800000,0x0000000081f8bcd0,0x0000000086d80000)
 Metaspace       used 15936K, capacity 16276K, committed 16384K, reserved 1062912K
  class space    used 1878K, capacity 1984K, committed 2048K, reserved 1048576K
}
Event: 1.171 GC heap before
{Heap before GC invocations=3 (full 0):
 PSYoungGen      total 71680K, used 24164K [0x00000000d5d80000, 0x00000000da880000, 0x0000000100000000)
  eden space 66560K, 28% used [0x00000000d5d80000,0x00000000d701e280,0x00000000d9e80000)
  from space 5120K, 99% used [0x00000000da380000,0x00000000da87b148,0x00000000da880000)
  to   space 5120K, 0% used [0x00000000d9e80000,0x00000000d9e80000,0x00000000da380000)
 ParOldGen       total 87552K, used 7727K [0x0000000081800000, 0x0000000086d80000, 0x00000000d5d80000)
  object space 87552K, 8% used [0x0000000081800000,0x0000000081f8bcd0,0x0000000086d80000)
 Metaspace       used 20775K, capacity 21178K, committed 21296K, reserved 1069056K
  class space    used 2473K, capacity 2628K, committed 2688K, reserved 1048576K
Event: 1.179 GC heap after
Heap after GC invocations=3 (full 0):
 PSYoungGen      total 71680K, used 5115K [0x00000000d5d80000, 0x00000000de980000, 0x0000000100000000)
  eden space 66560K, 0% used [0x00000000d5d80000,0x00000000d5d80000,0x00000000d9e80000)
  from space 5120K, 99% used [0x00000000d9e80000,0x00000000da37ef80,0x00000000da380000)
  to   space 5120K, 0% used [0x00000000de480000,0x00000000de480000,0x00000000de980000)
 ParOldGen       total 87552K, used 11800K [0x0000000081800000, 0x0000000086d80000, 0x00000000d5d80000)
  object space 87552K, 13% used [0x0000000081800000,0x0000000082386188,0x0000000086d80000)
 Metaspace       used 20775K, capacity 21178K, committed 21296K, reserved 1069056K
  class space    used 2473K, capacity 2628K, committed 2688K, reserved 1048576K
}
Event: 1.179 GC heap before
{Heap before GC invocations=4 (full 1):
 PSYoungGen      total 71680K, used 5115K [0x00000000d5d80000, 0x00000000de980000, 0x0000000100000000)
  eden space 66560K, 0% used [0x00000000d5d80000,0x00000000d5d80000,0x00000000d9e80000)
  from space 5120K, 99% used [0x00000000d9e80000,0x00000000da37ef80,0x00000000da380000)
  to   space 5120K, 0% used [0x00000000de480000,0x00000000de480000,0x00000000de980000)
 ParOldGen       total 87552K, used 11800K [0x0000000081800000, 0x0000000086d80000, 0x00000000d5d80000)
  object space 87552K, 13% used [0x0000000081800000,0x0000000082386188,0x0000000086d80000)
 Metaspace       used 20775K, capacity 21178K, committed 21296K, reserved 1069056K
  class space    used 2473K, capacity 2628K, committed 2688K, reserved 1048576K
Event: 1.210 GC heap after
Heap after GC invocations=4 (full 1):
 PSYoungGen      total 71680K, used 0K [0x00000000d5d80000, 0x00000000de980000, 0x0000000100000000)
  eden space 66560K, 0% used [0x00000000d5d80000,0x00000000d5d80000,0x00000000d9e80000)
  from space 5120K, 0% used [0x00000000d9e80000,0x00000000d9e80000,0x00000000da380000)
  to   space 5120K, 0% used [0x00000000de480000,0x00000000de480000,0x00000000de980000)
 ParOldGen       total 67072K, used 9050K [0x0000000081800000, 0x0000000085980000, 0x00000000d5d80000)
  object space 67072K, 13% used [0x0000000081800000,0x00000000820d6970,0x0000000085980000)
 Metaspace       used 20775K, capacity 21178K, committed 21296K, reserved 1069056K
  class space    used 2473K, capacity 2628K, committed 2688K, reserved 1048576K
}

Deoptimization events (10 events):
Event: 1.648 Thread 0x0000000003367800 Uncommon trap: reason=class_check action=maybe_recompile pc=0x0000000003973320 method=gnu.trove.TObjectHash.computeHashCode(Ljava/lang/Object;)I @ 5
Event: 1.648 Thread 0x0000000003367800 Uncommon trap: reason=class_check action=maybe_recompile pc=0x0000000003973320 method=gnu.trove.TObjectHash.computeHashCode(Ljava/lang/Object;)I @ 5
Event: 1.648 Thread 0x0000000003367800 Uncommon trap: reason=class_check action=maybe_recompile pc=0x0000000003964948 method=gnu.trove.TObjectHash.equals(Ljava/lang/Object;Ljava/lang/Object;)Z @ 6
Event: 1.648 Thread 0x0000000003367800 Uncommon trap: reason=class_check action=maybe_recompile pc=0x0000000003973320 method=gnu.trove.TObjectHash.computeHashCode(Ljava/lang/Object;)I @ 5
Event: 1.648 Thread 0x0000000003367800 Uncommon trap: reason=class_check action=maybe_recompile pc=0x0000000003973320 method=gnu.trove.TObjectHash.computeHashCode(Ljava/lang/Object;)I @ 5
Event: 1.648 Thread 0x0000000003367800 Uncommon trap: reason=class_check action=maybe_recompile pc=0x0000000003964948 method=gnu.trove.TObjectHash.equals(Ljava/lang/Object;Ljava/lang/Object;)Z @ 6
Event: 1.648 Thread 0x0000000003367800 Uncommon trap: reason=class_check action=maybe_recompile pc=0x0000000003964948 method=gnu.trove.TObjectHash.equals(Ljava/lang/Object;Ljava/lang/Object;)Z @ 6
Event: 1.653 Thread 0x0000000003367800 Uncommon trap: reason=class_check action=maybe_recompile pc=0x00000000039adb78 method=java.util.AbstractList.hashCode()I @ 3
Event: 1.653 Thread 0x0000000003367800 Uncommon trap: reason=class_check action=maybe_recompile pc=0x00000000039adb78 method=java.util.AbstractList.hashCode()I @ 3
Event: 1.653 Thread 0x0000000003367800 Uncommon trap: reason=class_check action=maybe_recompile pc=0x0000000003964948 method=gnu.trove.TObjectHash.equals(Ljava/lang/Object;Ljava/lang/Object;)Z @ 6

Classes redefined (0 events):
No events

Internal exceptions (10 events):
Event: 0.309 Thread 0x0000000003367800 Exception <a 'java/security/PrivilegedActionException'> (0x00000000d6c1c4d0) thrown at [C:\src\AOSP-openjdk-git\hotspot\src\share\vm\prims\jvm.cpp, line 1502]
Event: 0.309 Thread 0x0000000003367800 Exception <a 'java/security/PrivilegedActionException'> (0x00000000d6c1dfc0) thrown at [C:\src\AOSP-openjdk-git\hotspot\src\share\vm\prims\jvm.cpp, line 1502]
Event: 0.309 Thread 0x0000000003367800 Exception <a 'java/security/PrivilegedActionException'> (0x00000000d6c1e3b8) thrown at [C:\src\AOSP-openjdk-git\hotspot\src\share\vm\prims\jvm.cpp, line 1502]
Event: 0.460 Thread 0x0000000003367800 Exception <a 'java/lang/ArrayIndexOutOfBoundsException'> (0x00000000d79347f0) thrown at [C:\src\AOSP-openjdk-git\hotspot\src\share\vm\runtime\sharedRuntime.cpp, line 605]
Event: 0.576 Thread 0x0000000003367800 Exception <a 'java/lang/ArrayIndexOutOfBoundsException'> (0x00000000d6283120) thrown at [C:\src\AOSP-openjdk-git\hotspot\src\share\vm\runtime\sharedRuntime.cpp, line 605]
Event: 0.855 Thread 0x0000000003367800 Exception <a 'java/lang/NoSuchMethodError': java.lang.Object.lambda$comparing$77a9974f$1(Ljava/util/function/Function;Ljava/lang/Object;Ljava/lang/Object;)I> (0x00000000d7db1c58) thrown at [C:\src\AOSP-openjdk-git\hotspot\src\share\vm\interpreter\linkReso
Event: 0.875 Thread 0x0000000003367800 Exception <a 'java/lang/NoSuchMethodError': java.lang.Object.lambda$static$0()J> (0x00000000d5e34600) thrown at [C:\src\AOSP-openjdk-git\hotspot\src\share\vm\interpreter\linkResolver.cpp, line 620]
Event: 0.998 Thread 0x0000000003367800 Exception <a 'java/lang/NoSuchMethodError': java.lang.Object.lambda$static$0(I)[Lorg/jetbrains/kotlin/com/intellij/openapi/editor/event/DocumentListener;> (0x00000000d6739ca0) thrown at [C:\src\AOSP-openjdk-git\hotspot\src\share\vm\interpreter\linkResolve
Event: 1.023 Thread 0x0000000003367800 Exception <a 'java/lang/NoSuchMethodError': java.lang.Object.lambda$static$0(I)[Lorg/jetbrains/kotlin/com/intellij/psi/PsiAnnotation;> (0x00000000d6954fd8) thrown at [C:\src\AOSP-openjdk-git\hotspot\src\share\vm\interpreter\linkResolver.cpp, line 620]
Event: 1.122 Thread 0x0000000003367800 Exception <a 'java/lang/NoSuchMethodError': java.lang.Object.lambda$static$0(I)[Lorg/jetbrains/kotlin/com/intellij/psi/PsiElement;> (0x00000000d6da9798) thrown at [C:\src\AOSP-openjdk-git\hotspot\src\share\vm\interpreter\linkResolver.cpp, line 620]

Events (10 events):
Event: 1.723 loading class org/jetbrains/kotlin/serialization/deserialization/builtins/BuiltInsLoaderImpl$createPackageFragmentProvider$1
Event: 1.723 loading class org/jetbrains/kotlin/serialization/deserialization/builtins/BuiltInsLoaderImpl$createPackageFragmentProvider$1 done
Event: 1.723 loading class org/jetbrains/kotlin/serialization/deserialization/builtins/BuiltInSerializerProtocol
Event: 1.723 loading class org/jetbrains/kotlin/serialization/deserialization/builtins/BuiltInSerializerProtocol done
Event: 1.724 loading class org/jetbrains/kotlin/serialization/SerializerExtensionProtocol
Event: 1.724 loading class org/jetbrains/kotlin/serialization/SerializerExtensionProtocol done
Event: 1.724 loading class org/jetbrains/kotlin/protobuf/ExtensionRegistryLite
Event: 1.724 loading class org/jetbrains/kotlin/protobuf/ExtensionRegistryLite done
Event: 1.724 loading class org/jetbrains/kotlin/metadata/builtins/BuiltInsProtoBuf
Event: 1.724 loading class org/jetbrains/kotlin/metadata/builtins/BuiltInsProtoBuf done


Dynamic libraries:
0x00007ff6db000000 - 0x00007ff6db031000 	C:\Program Files\Android\Android Studio\jre\jre\bin\java.exe
0x00007ffe83360000 - 0x00007ffe83550000 	C:\Windows\SYSTEM32\ntdll.dll
0x00007ffe81d80000 - 0x00007ffe81e32000 	C:\Windows\System32\KERNEL32.DLL
0x00007ffe80650000 - 0x00007ffe808f5000 	C:\Windows\System32\KERNELBASE.dll
0x00007ffe823f0000 - 0x00007ffe82493000 	C:\Windows\System32\ADVAPI32.dll
0x00007ffe819d0000 - 0x00007ffe81a6e000 	C:\Windows\System32\msvcrt.dll
0x00007ffe81880000 - 0x00007ffe81917000 	C:\Windows\System32\sechost.dll
0x00007ffe81a70000 - 0x00007ffe81b90000 	C:\Windows\System32\RPCRT4.dll
0x00007ffe81e40000 - 0x00007ffe81fd4000 	C:\Windows\System32\USER32.dll
0x00007ffe80620000 - 0x00007ffe80641000 	C:\Windows\System32\win32u.dll
0x00007ffe81d30000 - 0x00007ffe81d56000 	C:\Windows\System32\GDI32.dll
0x00007ffe80380000 - 0x00007ffe80516000 	C:\Windows\System32\gdi32full.dll
0x00007ffe81140000 - 0x00007ffe811de000 	C:\Windows\System32\msvcp_win.dll
0x00007ffe80520000 - 0x00007ffe8061a000 	C:\Windows\System32\ucrtbase.dll
0x00007ffe6d710000 - 0x00007ffe6d994000 	C:\Windows\WinSxS\amd64_microsoft.windows.common-controls_6595b64144ccf1df_6.0.18362.1256_none_9e7e379be45e40e2\COMCTL32.dll
0x00007ffe81fe0000 - 0x00007ffe82316000 	C:\Windows\System32\combase.dll
0x00007ffe81090000 - 0x00007ffe81111000 	C:\Windows\System32\bcryptPrimitives.dll
0x00007ffe83140000 - 0x00007ffe8316e000 	C:\Windows\System32\IMM32.DLL
0x00000000613c0000 - 0x0000000061492000 	C:\Program Files\Android\Android Studio\jre\jre\bin\msvcr100.dll
0x00000000614a0000 - 0x0000000061ceb000 	C:\Program Files\Android\Android Studio\jre\jre\bin\server\jvm.dll
0x00007ffe81ba0000 - 0x00007ffe81ba8000 	C:\Windows\System32\PSAPI.DLL
0x00007ffe69480000 - 0x00007ffe69489000 	C:\Windows\SYSTEM32\WSOCK32.dll
0x00007ffe79d80000 - 0x00007ffe79da4000 	C:\Windows\SYSTEM32\WINMM.dll
0x00007ffe79d40000 - 0x00007ffe79d4a000 	C:\Windows\SYSTEM32\VERSION.dll
0x00007ffe82cf0000 - 0x00007ffe82d5f000 	C:\Windows\System32\WS2_32.dll
0x00007ffe79d50000 - 0x00007ffe79d7d000 	C:\Windows\SYSTEM32\winmmbase.dll
0x00007ffe81210000 - 0x00007ffe8125a000 	C:\Windows\System32\cfgmgr32.dll
0x00007ffe7d200000 - 0x00007ffe7d20f000 	C:\Program Files\Android\Android Studio\jre\jre\bin\verify.dll
0x00007ffe7d190000 - 0x00007ffe7d1b9000 	C:\Program Files\Android\Android Studio\jre\jre\bin\java.dll
0x00007ffe7d170000 - 0x00007ffe7d186000 	C:\Program Files\Android\Android Studio\jre\jre\bin\zip.dll
0x00007ffe82600000 - 0x00007ffe82ce7000 	C:\Windows\System32\SHELL32.dll
0x00007ffe81920000 - 0x00007ffe819c9000 	C:\Windows\System32\shcore.dll
0x00007ffe80900000 - 0x00007ffe81081000 	C:\Windows\System32\windows.storage.dll
0x00007ffe80210000 - 0x00007ffe80233000 	C:\Windows\System32\profapi.dll
0x00007ffe80260000 - 0x00007ffe802aa000 	C:\Windows\System32\powrprof.dll
0x00007ffe80200000 - 0x00007ffe80210000 	C:\Windows\System32\UMPDC.dll
0x00007ffe824a0000 - 0x00007ffe824f2000 	C:\Windows\System32\shlwapi.dll
0x00007ffe80240000 - 0x00007ffe80251000 	C:\Windows\System32\kernel.appcore.dll
0x00007ffe81120000 - 0x00007ffe81137000 	C:\Windows\System32\cryptsp.dll
0x00007ffe6db80000 - 0x00007ffe6db9a000 	C:\Program Files\Android\Android Studio\jre\jre\bin\net.dll
0x00007ffe7fa00000 - 0x00007ffe7fa67000 	C:\Windows\system32\mswsock.dll
0x00007ffe6ba90000 - 0x00007ffe6baa3000 	C:\Program Files\Android\Android Studio\jre\jre\bin\nio.dll

VM Arguments:
java_command: org.jetbrains.kotlin.cli.jvm.K2JVMCompiler -Xallow-no-source-files -classpath D:\Android\Lab3\app\build\intermediates\compile_and_runtime_not_namespaced_r_class_jar\debug\R.jar;C:\Users\XXX\.gradle\caches\transforms-2\files-2.1\fc91d5bc58cc0c88cb936add3a98e286\jetified-viewbinding-4.1.1-api.jar;C:\Users\XXX\.gradle\caches\transforms-2\files-2.1\7dd12f5c12bbc8763f56ff43eb6c0e6c\jetified-core-ktx-1.3.2-api.jar;C:\Users\XXX\.gradle\caches\transforms-2\files-2.1\11113c3fa854ec888459064d2df18fe4\material-1.2.1-api.jar;C:\Users\XXX\.gradle\caches\transforms-2\files-2.1\b25ddf2e96af322447a13427697d1645\constraintlayout-2.0.4-api.jar;C:\Users\XXX\.gradle\caches\transforms-2\files-2.1\fab8c661dcbdb58687963b56ebd4d14a\appcompat-1.2.0-api.jar;C:\Users\XXX\.gradle\caches\transforms-2\files-2.1\96b15d48422e64908b845cc96f84770c\jetified-firebase-database-ktx-19.5.1-api.jar;C:\Users\XXX\.gradle\caches\transforms-2\files-2.1\c5c7681b3097c90495380025b1de5abc\jetified-play-services-ads-19.6.0-api.jar;C:\Users\XXX\.gradle\caches\transforms-2\files-2.1\cfbee8040c74b4202870c2e7a705b630\jetified-viewpager2-1.0.0-api.jar;C:\Users\XXX\.gradle\caches\transforms-2\files-2.1\49d65bb34a3d34e42283b6e1152d60dd\jetified-firebase-analytics-ktx-18.0.0-api.jar;C:\Users\XXX\.gradle\caches\transforms-2\files-2.1\25442c60ca0eed03c3a78638a5cf4d6c\jetified-firebase-common-ktx-19.4.0-api.jar;C:\Users\XXX\.gradle\caches\transforms-2\files-2.1\54dbfa5801ed55dc926bc065e5308d72\jetified-firebase-database-19.5.1-api.jar;C:\Users\XXX\.gradle\caches\transforms-2\files-2.1\e500a75cc4082314da1d60da60408bf1\jetified-firebase-analytics-18.0.0-api.jar;C:\Users\XXX\.gradle\caches\transforms-2\files-2.1\882e8dc62e5eb977187a83fc0f62844a\jetified-play-services-measurement-api-18.0.0-api.jar;C:\Users\XXX\.gradle\caches\transforms-2\files-2.1\dda0723b864a0e8d70149fe9d5042908\jetified-firebase-auth-interop-18.0.0-api.jar;C:\Users\XXX\.gradle\caches\transforms-2\files-2.1\c3c0f984c73d67713317b32ac82bc428\jeti
java_class_path (initial): C:\Users\XXX\.gradle\caches\modules-2\files-2.1\org.jetbrains.kotlin\kotlin-compiler-embeddable\1.3.72\fb72232c8fa977d5e07d33c43381ddbdc5edab6\kotlin-compiler-embeddable-1.3.72.jar;C:\Users\XXX\.gradle\caches\modules-2\files-2.1\org.jetbrains.kotlin\kotlin-reflect\1.3.72\86613e1a669a701b0c660bfd2af4f82a7ae11fca\kotlin-reflect-1.3.72.jar;C:\Users\XXX\.gradle\caches\modules-2\files-2.1\org.jetbrains.kotlin\kotlin-stdlib\1.3.72\8032138f12c0180bc4e51fe139d4c52b46db6109\kotlin-stdlib-1.3.72.jar;C:\Users\XXX\.gradle\caches\modules-2\files-2.1\org.jetbrains.kotlin\kotlin-script-runtime\1.3.72\657d8d34d91e1964b4439378c09933e840bfe8d5\kotlin-script-runtime-1.3.72.jar;C:\Users\XXX\.gradle\caches\modules-2\files-2.1\org.jetbrains.kotlin\kotlin-daemon-embeddable\1.3.72\53bbaa2816dbf6bdb85f629451b1fcc88f2164d2\kotlin-daemon-embeddable-1.3.72.jar;C:\Users\XXX\.gradle\caches\modules-2\files-2.1\org.jetbrains.intellij.deps\trove4j\1.0.20181211\216c2e14b070f334479d800987affe4054cd563f\trove4j-1.0.20181211.jar;C:\Users\XXX\.gradle\caches\modules-2\files-2.1\org.jetbrains.kotlin\kotlin-stdlib-common\1.3.72\6ca8bee3d88957eaaaef077c41c908c9940492d8\kotlin-stdlib-common-1.3.72.jar;C:\Users\XXX\.gradle\caches\modules-2\files-2.1\org.jetbrains\annotations\13.0\919f0dfe192fb4e063e7dacadee7f8bb9a2672a9\annotations-13.0.jar;C:\Program Files\Android\Android Studio\jre\lib\tools.jar
Launcher Type: SUN_STANDARD

Environment Variables:
PATH=C:\Program Files\Common Files\Oracle\Java\javapath;C:\Windows\system32;C:\Windows;C:\Windows\System32\Wbem;C:\Windows\System32\WindowsPowerShell\v1.0\;C:\Windows\System32\OpenSSH\;C:\Program Files (x86)\Intel\Intel(R) Management Engine Components\DAL;C:\Program Files\Intel\Intel(R) Management Engine Components\DAL;C:\Program Files\Intel\WiFi\bin\;C:\Program Files\Common Files\Intel\WirelessCommon\;C:\Program Files\Git\cmd;C:\Program Files\dotnet\;C:\Program Files\Microsoft SQL Server\130\Tools\Binn\;C:\Program Files\Microsoft SQL Server\Client SDK\ODBC\170\Tools\Binn\;C:\Program Files (x86)\Microsoft SQL Server\Client SDK\ODBC\110\Tools\Binn\;C:\Program Files (x86)\Microsoft SQL Server\120\Tools\Binn\;C:\Program Files (x86)\Microsoft SQL Server\120\DTS\Binn\;C:\Program Files\Docker\Docker\resources\bin;C:\ProgramData\DockerDesktop\version-bin;%MAVEN_HOME%\bin;C:\Program Files (x86)\Microsoft SQL Server\150\DTS\Binn\;C:\Program Files\Azure Data Studio\bin;C:\Users\XXX\AppData\Local\Microsoft\WindowsApps;C:\Program Files\Maven\apache-maven-3.6.3\\bin;C:\Users\XXX\.dotnet\tools;;C:\Program Files\Azure Data Studio\bin
USERNAME=XXX
OS=Windows_NT
PROCESSOR_IDENTIFIER=Intel64 Family 6 Model 142 Stepping 10, GenuineIntel



---------------  S Y S T E M  ---------------

OS: Windows 10.0 , 64 bit Build 18362 (10.0.18362.1110)

CPU:total 8 (initial active 8) (4 cores per cpu, 2 threads per core) family 6 model 142 stepping 10, cmov, cx8, fxsr, mmx, sse, sse2, sse3, ssse3, sse4.1, sse4.2, popcnt, avx, avx2, aes, clmul, erms, 3dnowpref, lzcnt, ht, tsc, tscinvbit, bmi1, bmi2, adx

Memory: 4k page, physical 8286508k(1117096k free), swap 11848840k(5316k free)

vm_info: OpenJDK 64-Bit Server VM (25.242-b01) for windows-amd64 JRE (1.8.0_242-release-1644-b01), built by "builder" with MS VC++ 10.0 (VS2010)

time: Sun Dec 20 22:37:19 2020
timezone: Беларусь (зима)
elapsed time: 1 seconds (0d 0h 0m 1s)

