#
# There is insufficient memory for the Java Runtime Environment to continue.
# Native memory allocation (malloc) failed to allocate 1363856 bytes for Chunk::new
# Possible reasons:
#   The system is out of physical RAM or swap space
#   The process is running with CompressedOops enabled, and the Java Heap may be blocking the growth of the native heap
# Possible solutions:
#   Reduce memory load on the system
#   Increase physical memory or swap space
#   Check if swap backing store is full
#   Decrease Java heap size (-Xmx/-Xms)
#   Decrease number of Java threads
#   Decrease Java thread stack sizes (-Xss)
#   Set larger code cache with -XX:ReservedCodeCacheSize=
#   JVM is running with Unscaled Compressed Oops mode in which the Java heap is
#     placed in the first 4GB address space. The Java Heap base address is the
#     maximum limit for the native heap growth. Please use -XX:HeapBaseMinAddress
#     to set the Java Heap base and to place the Java Heap above 4GB virtual address.
# This output file may be truncated or incomplete.
#
#  Out of Memory Error (allocation.cpp:389), pid=12788, tid=0x0000000000004a70
#
# JRE version: OpenJDK Runtime Environment (8.0_242-b01) (build 1.8.0_242-release-1644-b01)
# Java VM: OpenJDK 64-Bit Server VM (25.242-b01 mixed mode windows-amd64 compressed oops)
# Failed to write core dump. Minidumps are not enabled by default on client versions of Windows
#

---------------  T H R E A D  ---------------

Current thread (0x000000001a1d8000):  JavaThread "C2 CompilerThread2" daemon [_thread_in_native, id=19056, stack(0x000000001acb0000,0x000000001adb0000)]

Stack: [0x000000001acb0000,0x000000001adb0000]
[error occurred during error reporting (printing stack bounds), id 0xc0000005]

Native frames: (J=compiled Java code, j=interpreted, Vv=VM code, C=native code)


Current CompileTask:
C2:  39559 17140       4       com.android.tools.r8.graph.x::a (95 bytes)


---------------  P R O C E S S  ---------------

Java Threads: ( => current thread )
  0x00000000221d4800 JavaThread "WorkerExecutor Queue Thread 11" [_thread_blocked, id=13244, stack(0x0000000030610000,0x0000000030710000)]
  0x00000000221d6000 JavaThread "WorkerExecutor Queue Thread 10" [_thread_blocked, id=12064, stack(0x000000003e8b0000,0x000000003e9b0000)]
  0x00000000221da800 JavaThread "WorkerExecutor Queue Thread 9" [_thread_blocked, id=15884, stack(0x000000003e7b0000,0x000000003e8b0000)]
  0x00000000221ce800 JavaThread "WorkerExecutor Queue Thread 8" [_thread_blocked, id=9604, stack(0x000000003e6b0000,0x000000003e7b0000)]
  0x00000000221d5800 JavaThread "WorkerExecutor Queue Thread 7" [_thread_in_native, id=21464, stack(0x0000000036e50000,0x0000000036f50000)]
  0x00000000221d4000 JavaThread "WorkerExecutor Queue Thread 6" [_thread_blocked, id=11632, stack(0x0000000036d50000,0x0000000036e50000)]
  0x00000000221d1000 JavaThread "WorkerExecutor Queue Thread 3" [_thread_blocked, id=18076, stack(0x0000000001760000,0x0000000001860000)]
  0x00000000221cc800 JavaThread "stdout" [_thread_in_native, id=1012, stack(0x0000000030910000,0x0000000030a10000)]
  0x00000000221cf800 JavaThread "stderr" [_thread_in_native, id=6632, stack(0x0000000030810000,0x0000000030910000)]
  0x000000001fb87800 JavaThread "pool-2-thread-1" [_thread_blocked, id=11584, stack(0x0000000030710000,0x0000000030810000)]
  0x000000001fb8d800 JavaThread "WorkerExecutor Queue" [_thread_blocked, id=7868, stack(0x000000002f2b0000,0x000000002f3b0000)]
  0x000000001fb89000 JavaThread "Cache worker for execution history cache (D:\Android\Lab3\.gradle\6.5\executionHistory)" [_thread_blocked, id=752, stack(0x000000002ff10000,0x0000000030010000)]
  0x000000001fb8c800 JavaThread "Execution worker for ':' Thread 7" [_thread_blocked, id=6572, stack(0x000000002fe10000,0x000000002ff10000)]
  0x000000001fb8c000 JavaThread "Execution worker for ':' Thread 6" [_thread_blocked, id=1520, stack(0x000000002fd10000,0x000000002fe10000)]
  0x000000001fb89800 JavaThread "Execution worker for ':' Thread 5" [_thread_blocked, id=19164, stack(0x000000002fc10000,0x000000002fd10000)]
  0x000000001fb8a800 JavaThread "Execution worker for ':' Thread 4" [_thread_blocked, id=5572, stack(0x000000002fb10000,0x000000002fc10000)]
  0x000000001fb7f000 JavaThread "Execution worker for ':' Thread 3" [_thread_blocked, id=19536, stack(0x000000002fa10000,0x000000002fb10000)]
  0x000000001fb86000 JavaThread "Execution worker for ':' Thread 2" [_thread_blocked, id=2752, stack(0x000000002f700000,0x000000002f800000)]
  0x000000001fb83000 JavaThread "Execution worker for ':'" [_thread_blocked, id=21452, stack(0x000000002f600000,0x000000002f700000)]
  0x000000001fb7e800 JavaThread "Cache worker for file content cache (D:\Android\Lab3\.gradle\6.5\fileContent)" [_thread_blocked, id=832, stack(0x000000002efb0000,0x000000002f0b0000)]
  0x000000001fb80800 JavaThread "Memory manager" [_thread_blocked, id=16204, stack(0x000000002eeb0000,0x000000002efb0000)]
  0x000000001fb85000 JavaThread "Cache worker for Build Output Cleanup Cache (D:\Android\Lab3\.gradle\buildOutputCleanup)" [_thread_blocked, id=10372, stack(0x000000002deb0000,0x000000002dfb0000)]
  0x000000001fb83800 JavaThread "jar transforms Thread 115" [_thread_blocked, id=18704, stack(0x000000002c930000,0x000000002ca30000)]
  0x000000001fb80000 JavaThread "jar transforms Thread 114" [_thread_blocked, id=20756, stack(0x000000002c830000,0x000000002c930000)]
  0x000000001fb84800 JavaThread "jar transforms Thread 113" [_thread_blocked, id=16232, stack(0x000000002c730000,0x000000002c830000)]
  0x000000001fb82000 JavaThread "jar transforms Thread 112" [_thread_blocked, id=1276, stack(0x000000002c630000,0x000000002c730000)]
  0x000000001fb81800 JavaThread "jar transforms Thread 111" [_thread_blocked, id=21180, stack(0x000000002c530000,0x000000002c630000)]
  0x000000001fe7f800 JavaThread "jar transforms Thread 110" [_thread_blocked, id=7320, stack(0x000000002c430000,0x000000002c530000)]
  0x000000001fe7e000 JavaThread "jar transforms Thread 109" [_thread_blocked, id=17572, stack(0x000000002c330000,0x000000002c430000)]
  0x000000001fe83800 JavaThread "jar transforms Thread 108" [_thread_blocked, id=10208, stack(0x000000002c230000,0x000000002c330000)]
  0x000000001fe82000 JavaThread "jar transforms Thread 107" [_thread_blocked, id=2928, stack(0x000000002c130000,0x000000002c230000)]
  0x000000001fe85000 JavaThread "jar transforms Thread 106" [_thread_blocked, id=17020, stack(0x000000002c030000,0x000000002c130000)]
  0x000000001fe84000 JavaThread "jar transforms Thread 105" [_thread_blocked, id=8316, stack(0x000000002bf30000,0x000000002c030000)]
  0x000000001fe81000 JavaThread "jar transforms Thread 104" [_thread_blocked, id=3492, stack(0x000000002be30000,0x000000002bf30000)]
  0x000000001fe80800 JavaThread "jar transforms Thread 103" [_thread_blocked, id=10824, stack(0x000000002bd30000,0x000000002be30000)]
  0x000000001fe82800 JavaThread "jar transforms Thread 102" [_thread_blocked, id=20132, stack(0x000000002bc30000,0x000000002bd30000)]
  0x000000001fe78000 JavaThread "jar transforms Thread 101" [_thread_blocked, id=11504, stack(0x000000002bb30000,0x000000002bc30000)]
  0x000000001fe7d800 JavaThread "jar transforms Thread 100" [_thread_blocked, id=20184, stack(0x000000002ba30000,0x000000002bb30000)]
  0x000000001fe7a000 JavaThread "jar transforms Thread 99" [_thread_blocked, id=4640, stack(0x000000002b930000,0x000000002ba30000)]
  0x000000001fe7b000 JavaThread "jar transforms Thread 98" [_thread_blocked, id=19196, stack(0x000000002b830000,0x000000002b930000)]
  0x000000001fe7f000 JavaThread "jar transforms Thread 97" [_thread_blocked, id=5228, stack(0x000000002b730000,0x000000002b830000)]
  0x000000001fe75800 JavaThread "jar transforms Thread 96" [_thread_blocked, id=21232, stack(0x000000002b630000,0x000000002b730000)]
  0x000000001fe76800 JavaThread "jar transforms Thread 95" [_thread_blocked, id=5584, stack(0x000000002b530000,0x000000002b630000)]
  0x000000001fe79800 JavaThread "jar transforms Thread 94" [_thread_blocked, id=19552, stack(0x000000002b430000,0x000000002b530000)]
  0x000000001fe78800 JavaThread "jar transforms Thread 93" [_thread_blocked, id=11720, stack(0x000000002b330000,0x000000002b430000)]
  0x000000001fe7c800 JavaThread "jar transforms Thread 92" [_thread_blocked, id=15604, stack(0x000000002b230000,0x000000002b330000)]
  0x000000001fe77000 JavaThread "jar transforms Thread 91" [_thread_blocked, id=5272, stack(0x000000002b130000,0x000000002b230000)]
  0x000000001fe7c000 JavaThread "jar transforms Thread 90" [_thread_blocked, id=12028, stack(0x000000002b030000,0x000000002b130000)]
  0x000000002010f800 JavaThread "jar transforms Thread 89" [_thread_blocked, id=16676, stack(0x000000002af30000,0x000000002b030000)]
  0x0000000020116000 JavaThread "jar transforms Thread 88" [_thread_blocked, id=13008, stack(0x000000002ae30000,0x000000002af30000)]
  0x0000000020111800 JavaThread "jar transforms Thread 87" [_thread_blocked, id=7144, stack(0x000000002ad30000,0x000000002ae30000)]
  0x000000002010e800 JavaThread "jar transforms Thread 86" [_thread_blocked, id=2692, stack(0x000000002ac30000,0x000000002ad30000)]
  0x0000000020115800 JavaThread "jar transforms Thread 85" [_thread_blocked, id=19028, stack(0x000000002ab30000,0x000000002ac30000)]
  0x0000000020114800 JavaThread "jar transforms Thread 84" [_thread_blocked, id=19884, stack(0x000000002aa30000,0x000000002ab30000)]
  0x0000000020111000 JavaThread "jar transforms Thread 83" [_thread_blocked, id=9904, stack(0x000000002a930000,0x000000002aa30000)]
  0x0000000020114000 JavaThread "jar transforms Thread 82" [_thread_blocked, id=21176, stack(0x000000002a830000,0x000000002a930000)]
  0x0000000020112800 JavaThread "jar transforms Thread 81" [_thread_blocked, id=18868, stack(0x000000002a730000,0x000000002a830000)]
  0x0000000020113000 JavaThread "jar transforms Thread 80" [_thread_blocked, id=19464, stack(0x000000002a630000,0x000000002a730000)]
  0x000000002010d000 JavaThread "jar transforms Thread 79" [_thread_blocked, id=416, stack(0x000000002a530000,0x000000002a630000)]
  0x0000000020110000 JavaThread "jar transforms Thread 78" [_thread_blocked, id=19672, stack(0x000000002a230000,0x000000002a330000)]
  0x000000002010c800 JavaThread "jar transforms Thread 77" [_thread_blocked, id=8256, stack(0x000000002a130000,0x000000002a230000)]
  0x0000000020108000 JavaThread "jar transforms Thread 76" [_thread_blocked, id=21204, stack(0x000000002a030000,0x000000002a130000)]
  0x0000000020109800 JavaThread "jar transforms Thread 75" [_thread_blocked, id=2516, stack(0x0000000029f30000,0x000000002a030000)]
  0x000000002010b000 JavaThread "jar transforms Thread 74" [_thread_blocked, id=10080, stack(0x0000000029e30000,0x0000000029f30000)]
  0x0000000020107000 JavaThread "jar transforms Thread 73" [_thread_blocked, id=6580, stack(0x0000000029d30000,0x0000000029e30000)]
  0x000000002010a000 JavaThread "jar transforms Thread 72" [_thread_blocked, id=10128, stack(0x0000000029c30000,0x0000000029d30000)]
  0x000000002010b800 JavaThread "jar transforms Thread 71" [_thread_blocked, id=19512, stack(0x0000000029b30000,0x0000000029c30000)]
  0x000000002010e000 JavaThread "jar transforms Thread 70" [_thread_blocked, id=16028, stack(0x0000000029a30000,0x0000000029b30000)]
  0x0000000020108800 JavaThread "jar transforms Thread 69" [_thread_blocked, id=20180, stack(0x0000000029930000,0x0000000029a30000)]
  0x000000001f3b1800 JavaThread "jar transforms Thread 68" [_thread_blocked, id=10024, stack(0x0000000029830000,0x0000000029930000)]
  0x000000001f3b1000 JavaThread "jar transforms Thread 67" [_thread_blocked, id=7412, stack(0x0000000029730000,0x0000000029830000)]
  0x000000001f3a9800 JavaThread "jar transforms Thread 66" [_thread_blocked, id=16252, stack(0x0000000029630000,0x0000000029730000)]
  0x000000001f3b0000 JavaThread "jar transforms Thread 65" [_thread_blocked, id=9336, stack(0x0000000029530000,0x0000000029630000)]
  0x000000001f3af800 JavaThread "jar transforms Thread 64" [_thread_blocked, id=15228, stack(0x0000000029430000,0x0000000029530000)]
  0x000000001f3a8800 JavaThread "jar transforms Thread 63" [_thread_blocked, id=20036, stack(0x0000000029330000,0x0000000029430000)]
  0x000000001f3a8000 JavaThread "jar transforms Thread 62" [_thread_blocked, id=16860, stack(0x0000000029230000,0x0000000029330000)]
  0x000000001f3ae800 JavaThread "jar transforms Thread 61" [_thread_blocked, id=19428, stack(0x0000000029130000,0x0000000029230000)]
  0x000000001f3a7000 JavaThread "jar transforms Thread 60" [_thread_blocked, id=16248, stack(0x0000000029030000,0x0000000029130000)]
  0x000000001f3ae000 JavaThread "jar transforms Thread 59" [_thread_blocked, id=17208, stack(0x0000000028f30000,0x0000000029030000)]
  0x000000001f3ad000 JavaThread "jar transforms Thread 58" [_thread_blocked, id=12668, stack(0x0000000028e30000,0x0000000028f30000)]
  0x000000001f3a5800 JavaThread "jar transforms Thread 57" [_thread_blocked, id=16952, stack(0x0000000028d30000,0x0000000028e30000)]
  0x000000001f3ac800 JavaThread "jar transforms Thread 56" [_thread_blocked, id=8400, stack(0x0000000028c30000,0x0000000028d30000)]
  0x000000001f3a4800 JavaThread "jar transforms Thread 55" [_thread_blocked, id=14284, stack(0x0000000028b30000,0x0000000028c30000)]
  0x000000001f3a6800 JavaThread "jar transforms Thread 54" [_thread_blocked, id=17812, stack(0x0000000028a30000,0x0000000028b30000)]
  0x000000001f3ab800 JavaThread "jar transforms Thread 53" [_thread_blocked, id=20720, stack(0x0000000028930000,0x0000000028a30000)]
  0x000000001f3a4000 JavaThread "jar transforms Thread 52" [_thread_blocked, id=8704, stack(0x0000000028830000,0x0000000028930000)]
  0x000000001f3ab000 JavaThread "jar transforms Thread 51" [_thread_blocked, id=7696, stack(0x0000000028730000,0x0000000028830000)]
  0x000000001f3aa000 JavaThread "jar transforms Thread 50" [_thread_blocked, id=19300, stack(0x0000000028630000,0x0000000028730000)]
  0x000000001f3a3000 JavaThread "jar transforms Thread 49" [_thread_blocked, id=15512, stack(0x0000000028530000,0x0000000028630000)]
  0x000000001f3a2800 JavaThread "jar transforms Thread 48" [_thread_blocked, id=1208, stack(0x0000000028430000,0x0000000028530000)]
  0x000000001d662000 JavaThread "jar transforms Thread 47" [_thread_blocked, id=21428, stack(0x0000000028330000,0x0000000028430000)]
  0x000000001d65f000 JavaThread "jar transforms Thread 46" [_thread_blocked, id=2420, stack(0x0000000028230000,0x0000000028330000)]
  0x000000001d65e000 JavaThread "jar transforms Thread 45" [_thread_blocked, id=17376, stack(0x0000000028130000,0x0000000028230000)]
  0x000000001d663800 JavaThread "jar transforms Thread 44" [_thread_blocked, id=18788, stack(0x0000000028030000,0x0000000028130000)]
  0x000000001d664000 JavaThread "jar transforms Thread 43" [_thread_blocked, id=20540, stack(0x0000000027f30000,0x0000000028030000)]
  0x000000001d661000 JavaThread "jar transforms Thread 42" [_thread_blocked, id=20664, stack(0x0000000027e30000,0x0000000027f30000)]
  0x000000001d665000 JavaThread "jar transforms Thread 41" [_thread_blocked, id=1636, stack(0x0000000027d30000,0x0000000027e30000)]
  0x000000001d660800 JavaThread "jar transforms Thread 40" [_thread_blocked, id=13824, stack(0x0000000027c30000,0x0000000027d30000)]
  0x000000001d65f800 JavaThread "jar transforms Thread 39" [_thread_blocked, id=4360, stack(0x0000000027b30000,0x0000000027c30000)]
  0x000000001d662800 JavaThread "jar transforms Thread 38" [_thread_blocked, id=20340, stack(0x0000000027a30000,0x0000000027b30000)]
  0x000000001d65d800 JavaThread "jar transforms Thread 37" [_thread_blocked, id=17332, stack(0x0000000027930000,0x0000000027a30000)]
  0x000000001d659000 JavaThread "jar transforms Thread 36" [_thread_blocked, id=21284, stack(0x0000000027830000,0x0000000027930000)]
  0x000000001d65c000 JavaThread "jar transforms Thread 35" [_thread_blocked, id=15080, stack(0x0000000027730000,0x0000000027830000)]
  0x000000001d656000 JavaThread "jar transforms Thread 34" [_thread_blocked, id=19572, stack(0x0000000027630000,0x0000000027730000)]
  0x000000001d659800 JavaThread "jar transforms Thread 33" [_thread_blocked, id=18000, stack(0x0000000027530000,0x0000000027630000)]
  0x000000001d65c800 JavaThread "jar transforms Thread 32" [_thread_blocked, id=10236, stack(0x0000000027430000,0x0000000027530000)]
  0x000000001d65b000 JavaThread "jar transforms Thread 31" [_thread_blocked, id=2784, stack(0x0000000027330000,0x0000000027430000)]
  0x000000001d657800 JavaThread "jar transforms Thread 30" [_thread_blocked, id=13968, stack(0x0000000027230000,0x0000000027330000)]
  0x000000001d656800 JavaThread "jar transforms Thread 29" [_thread_blocked, id=6836, stack(0x0000000027130000,0x0000000027230000)]
  0x000000001d65a800 JavaThread "jar transforms Thread 28" [_thread_blocked, id=14304, stack(0x0000000027030000,0x0000000027130000)]
  0x000000001d658000 JavaThread "jar transforms Thread 27" [_thread_blocked, id=19376, stack(0x0000000026f30000,0x0000000027030000)]
  0x0000000022a9e800 JavaThread "jar transforms Thread 26" [_thread_blocked, id=14240, stack(0x0000000026e30000,0x0000000026f30000)]
  0x0000000022a9c800 JavaThread "jar transforms Thread 25" [_thread_blocked, id=8588, stack(0x0000000026d30000,0x0000000026e30000)]
  0x0000000022a9e000 JavaThread "jar transforms Thread 24" [_thread_blocked, id=21288, stack(0x0000000026c30000,0x0000000026d30000)]
  0x0000000022a9b800 JavaThread "jar transforms Thread 23" [_thread_blocked, id=4952, stack(0x0000000026b30000,0x0000000026c30000)]
  0x0000000022aa1000 JavaThread "jar transforms Thread 22" [_thread_blocked, id=15652, stack(0x0000000026a30000,0x0000000026b30000)]
  0x0000000022aa0000 JavaThread "jar transforms Thread 21" [_thread_blocked, id=12968, stack(0x0000000026930000,0x0000000026a30000)]
  0x0000000022a9d000 JavaThread "jar transforms Thread 20" [_thread_blocked, id=19084, stack(0x0000000026830000,0x0000000026930000)]
  0x0000000022a9b000 JavaThread "jar transforms Thread 19" [_thread_blocked, id=3788, stack(0x0000000026730000,0x0000000026830000)]
  0x0000000022a9f800 JavaThread "jar transforms Thread 18" [_thread_blocked, id=15688, stack(0x0000000026630000,0x0000000026730000)]
  0x0000000022a93800 JavaThread "jar transforms Thread 17" [_thread_blocked, id=15860, stack(0x0000000026530000,0x0000000026630000)]
  0x0000000022a9a000 JavaThread "jar transforms Thread 16" [_thread_blocked, id=9484, stack(0x0000000026430000,0x0000000026530000)]
  0x0000000022a99800 JavaThread "jar transforms Thread 15" [_thread_blocked, id=2740, stack(0x0000000026330000,0x0000000026430000)]
  0x0000000022a96800 JavaThread "jar transforms Thread 14" [_thread_blocked, id=672, stack(0x0000000026230000,0x0000000026330000)]
  0x0000000022a98800 JavaThread "jar transforms Thread 13" [_thread_blocked, id=12696, stack(0x0000000026130000,0x0000000026230000)]
  0x0000000022a98000 JavaThread "jar transforms Thread 12" [_thread_blocked, id=12864, stack(0x0000000026030000,0x0000000026130000)]
  0x0000000022a95800 JavaThread "jar transforms Thread 11" [_thread_blocked, id=15940, stack(0x0000000025f30000,0x0000000026030000)]
  0x0000000022a95000 JavaThread "jar transforms Thread 10" [_thread_blocked, id=13392, stack(0x0000000025e30000,0x0000000025f30000)]
  0x0000000022a92800 JavaThread "jar transforms Thread 9" [_thread_blocked, id=2136, stack(0x0000000025d30000,0x0000000025e30000)]
  0x0000000022a97000 JavaThread "jar transforms Thread 8" [_thread_blocked, id=12408, stack(0x0000000025c30000,0x0000000025d30000)]
  0x0000000022a94000 JavaThread "jar transforms Thread 7" [_thread_blocked, id=10868, stack(0x0000000025b30000,0x0000000025c30000)]
  0x0000000022a92000 JavaThread "jar transforms Thread 6" [_thread_blocked, id=1164, stack(0x0000000025a30000,0x0000000025b30000)]
  0x000000001bc67000 JavaThread "jar transforms Thread 5" [_thread_blocked, id=21028, stack(0x0000000025930000,0x0000000025a30000)]
  0x000000001bc68800 JavaThread "jar transforms Thread 4" [_thread_blocked, id=21244, stack(0x0000000025830000,0x0000000025930000)]
  0x000000001bc65800 JavaThread "jar transforms Thread 3" [_thread_blocked, id=21044, stack(0x0000000024e50000,0x0000000024f50000)]
  0x000000001bc65000 JavaThread "jar transforms Thread 2" [_thread_blocked, id=17848, stack(0x0000000024d50000,0x0000000024e50000)]
  0x000000001bc64000 JavaThread "Build operations Thread 8" [_thread_blocked, id=4620, stack(0x0000000025730000,0x0000000025830000)]
  0x000000001bc63800 JavaThread "Build operations Thread 7" [_thread_blocked, id=17996, stack(0x0000000025630000,0x0000000025730000)]
  0x000000001bc69800 JavaThread "Build operations Thread 6" [_thread_blocked, id=15404, stack(0x0000000025530000,0x0000000025630000)]
  0x000000001bc6a000 JavaThread "Build operations Thread 5" [_thread_blocked, id=15308, stack(0x0000000025430000,0x0000000025530000)]
  0x000000001bc66800 JavaThread "Build operations Thread 4" [_thread_blocked, id=16672, stack(0x0000000025330000,0x0000000025430000)]
  0x000000001bc68000 JavaThread "Build operations Thread 3" [_thread_blocked, id=9248, stack(0x0000000025230000,0x0000000025330000)]
  0x0000000022528000 JavaThread "Build operations Thread 2" [_thread_blocked, id=7272, stack(0x0000000025130000,0x0000000025230000)]
  0x000000002252f000 JavaThread "Build operations" [_thread_blocked, id=12440, stack(0x0000000025030000,0x0000000025130000)]
  0x000000002252d000 JavaThread "Cache worker for file content cache (C:\Users\XXX\.gradle\caches\6.5\fileContent)" [_thread_blocked, id=14472, stack(0x00000000231a0000,0x00000000232a0000)]
  0x0000000022529800 JavaThread "jar transforms" [_thread_blocked, id=17952, stack(0x0000000021aa0000,0x0000000021ba0000)]
  0x000000001a1dc800 JavaThread "Cache worker for execution history cache (C:\Users\XXX\.gradle\caches\6.5\executionHistory)" [_thread_blocked, id=11148, stack(0x00000000219a0000,0x0000000021aa0000)]
  0x000000001a1da800 JavaThread "Cache worker for cache directory md-rule (C:\Users\XXX\.gradle\caches\6.5\md-rule)" [_thread_blocked, id=19668, stack(0x00000000218a0000,0x00000000219a0000)]
  0x000000001a1d9000 JavaThread "Cache worker for cache directory md-supplier (C:\Users\XXX\.gradle\caches\6.5\md-supplier)" [_thread_blocked, id=19968, stack(0x00000000217a0000,0x00000000218a0000)]
  0x000000001a1d9800 JavaThread "Cache worker for checksums cache (D:\Android\Lab3\.gradle\checksums)" [_thread_blocked, id=11332, stack(0x00000000216a0000,0x00000000217a0000)]
  0x000000001a1dc000 JavaThread "Cache worker for file hash cache (D:\Android\Lab3\.gradle\6.5\fileHashes)" [_thread_blocked, id=13188, stack(0x0000000022bf0000,0x0000000022cf0000)]
  0x000000001a1db000 JavaThread "Cache worker for file hash cache (C:\Users\XXX\.gradle\caches\6.5\fileHashes)" [_thread_blocked, id=20672, stack(0x000000001f200000,0x000000001f300000)]
  0x000000001a1dd800 JavaThread "File lock request listener" [_thread_in_native, id=5848, stack(0x000000001f100000,0x000000001f200000)]
  0x000000001c45f000 JavaThread "Cache worker for journal cache (C:\Users\XXX\.gradle\caches\journal-1)" [_thread_blocked, id=11776, stack(0x000000001f000000,0x000000001f100000)]
  0x000000001cc75000 JavaThread "Thread-9" [_thread_blocked, id=18668, stack(0x000000001ed00000,0x000000001ee00000)]
  0x000000001cc72000 JavaThread "Stdin handler" [_thread_blocked, id=20860, stack(0x000000001ec00000,0x000000001ed00000)]
  0x000000001cc65000 JavaThread "Asynchronous log dispatcher for DefaultDaemonConnection: socket connection from /127.0.0.1:53523 to /127.0.0.1:53524" [_thread_blocked, id=12068, stack(0x000000001eb00000,0x000000001ec00000)]
  0x000000001cc62000 JavaThread "Daemon worker" [_thread_blocked, id=21416, stack(0x000000001ea00000,0x000000001eb00000)]
  0x000000001cc79000 JavaThread "Cancel handler" [_thread_blocked, id=13928, stack(0x000000001e800000,0x000000001e900000)]
  0x000000001cc3d800 JavaThread "Handler for socket connection from /127.0.0.1:53523 to /127.0.0.1:53524" [_thread_in_native, id=12496, stack(0x000000001e700000,0x000000001e800000)]
  0x000000001cc5b000 JavaThread "Daemon" [_thread_blocked, id=9272, stack(0x000000001e400000,0x000000001e500000)]
  0x000000001cbcb800 JavaThread "Daemon periodic checks" [_thread_blocked, id=6168, stack(0x000000001e300000,0x000000001e400000)]
  0x000000001cbed000 JavaThread "Incoming local TCP Connector on port 53523" [_thread_in_native, id=10244, stack(0x000000001e0b0000,0x000000001e1b0000)]
  0x000000001cb05000 JavaThread "Daemon health stats" [_thread_blocked, id=15836, stack(0x000000001da50000,0x000000001db50000)]
  0x000000001a265000 JavaThread "Service Thread" daemon [_thread_blocked, id=10636, stack(0x000000001aeb0000,0x000000001afb0000)]
  0x000000001a1de000 JavaThread "C1 CompilerThread3" daemon [_thread_blocked, id=11456, stack(0x000000001adb0000,0x000000001aeb0000)]
=>0x000000001a1d8000 JavaThread "C2 CompilerThread2" daemon [_thread_in_native, id=19056, stack(0x000000001acb0000,0x000000001adb0000)]
  0x000000001a1df000 JavaThread "C2 CompilerThread1" daemon [_thread_in_native, id=9304, stack(0x000000001abb0000,0x000000001acb0000)]
  0x000000001a1d4000 JavaThread "C2 CompilerThread0" daemon [_thread_in_native, id=16304, stack(0x000000001aab0000,0x000000001abb0000)]
  0x000000001a1cf000 JavaThread "Attach Listener" daemon [_thread_blocked, id=17108, stack(0x000000001a9b0000,0x000000001aab0000)]
  0x000000001a1ce000 JavaThread "Signal Dispatcher" daemon [_thread_blocked, id=4152, stack(0x000000001a8b0000,0x000000001a9b0000)]
  0x000000001a1c1000 JavaThread "Finalizer" daemon [_thread_blocked, id=21208, stack(0x000000001a6a0000,0x000000001a7a0000)]
  0x000000001a1c0800 JavaThread "Reference Handler" daemon [_thread_blocked, id=16800, stack(0x000000001a5a0000,0x000000001a6a0000)]
  0x00000000030fe800 JavaThread "main" [_thread_blocked, id=5428, stack(0x0000000003100000,0x0000000003200000)]

Other Threads:
  0x00000000183c8000 VMThread [stack: 0x000000001a0a0000,0x000000001a1a0000] [id=19592]
  0x000000001a265800 WatcherThread [stack: 0x000000001afb0000,0x000000001b0b0000] [id=12920]

VM state:not at safepoint (normal execution)

VM Mutex/Monitor currently owned by a thread: None

heap address: 0x0000000080000000, size: 2048 MB, Compressed Oops mode: 32-bit
Narrow klass base: 0x0000000000000000, Narrow klass shift: 3
Compressed class space size: 1073741824 Address: 0x0000000100000000

Heap:
 PSYoungGen      total 456192K, used 360842K [0x00000000d5580000, 0x00000000f3e80000, 0x0000000100000000)
  eden space 414720K, 87% used [0x00000000d5580000,0x00000000eb5e29e8,0x00000000eea80000)
  from space 41472K, 0% used [0x00000000f1600000,0x00000000f1600000,0x00000000f3e80000)
  to   space 43008K, 0% used [0x00000000eea80000,0x00000000eea80000,0x00000000f1480000)
 ParOldGen       total 161792K, used 158221K [0x0000000080000000, 0x0000000089e00000, 0x00000000d5580000)
  object space 161792K, 97% used [0x0000000080000000,0x0000000089a835a0,0x0000000089e00000)
 Metaspace       used 86534K, capacity 91040K, committed 94744K, reserved 1130496K
  class space    used 11570K, capacity 12432K, committed 13352K, reserved 1048576K

Card table byte_map: [0x00000000126f0000,0x0000000012b00000] byte_map_base: 0x00000000122f0000

Marking Bits: (ParMarkBitMap*) 0x000000007069f030
 Begin Bits: [0x00000000135b0000, 0x00000000155b0000)
 End Bits:   [0x00000000155b0000, 0x00000000175b0000)

Polling page: 0x0000000001410000

CodeCache: size=245760Kb used=49789Kb max_used=50793Kb free=195970Kb
 bounds [0x0000000003330000, 0x0000000006510000, 0x0000000012330000]
 total_blobs=14858 nmethods=14006 adapters=762
 compilation: enabled

Compilation events (10 events):
Event: 39.459 Thread 0x000000001a1de000 17225       2       org.gradle.internal.instantiation.generator.AbstractClassGenerator$InjectAnnotationPropertyHandler::applyTo (130 bytes)
Event: 39.459 Thread 0x000000001a1de000 nmethod 17225 0x0000000005da60d0 code [0x0000000005da6300, 0x0000000005da6818]
Event: 39.461 Thread 0x000000001a1de000 17226       2       com.google.common.reflect.TypeResolver$TypeTable::resolveInternal (105 bytes)
Event: 39.462 Thread 0x000000001a1de000 nmethod 17226 0x00000000036fe1d0 code [0x00000000036fe3c0, 0x00000000036fea28]
Event: 39.462 Thread 0x000000001a1de000 17227       2       sun.reflect.FieldAccessorImpl::<init> (5 bytes)
Event: 39.462 Thread 0x000000001a1de000 nmethod 17227 0x0000000005e62350 code [0x0000000005e624a0, 0x0000000005e625f0]
Event: 39.463 Thread 0x000000001a1d4000 nmethod 14670 0x00000000057f4910 code [0x00000000057f4b00, 0x00000000057f5438]
Event: 39.463 Thread 0x000000001a1d4000 15744       4       com.android.tools.r8.graph.O0::a (2521 bytes)
Event: 39.466 Thread 0x000000001a1df000 nmethod 16412 0x0000000005115810 code [0x00000000051163a0, 0x000000000511bf30]
Event: 39.467 Thread 0x000000001a1df000 16734 %     4       com.android.tools.r8.dex.n::m @ 64 (2044 bytes)

GC Heap History (10 events):
Event: 33.161 GC heap before
{Heap before GC invocations=52 (full 22):
 PSYoungGen      total 435712K, used 428779K [0x00000000d5580000, 0x00000000f3400000, 0x0000000100000000)
  eden space 396800K, 100% used [0x00000000d5580000,0x00000000ed900000,0x00000000ed900000)
  from space 38912K, 82% used [0x00000000ed900000,0x00000000ef83afc8,0x00000000eff00000)
  to   space 41472K, 0% used [0x00000000f0b80000,0x00000000f0b80000,0x00000000f3400000)
 ParOldGen       total 136704K, used 97530K [0x0000000080000000, 0x0000000088580000, 0x00000000d5580000)
  object space 136704K, 71% used [0x0000000080000000,0x0000000085f3e948,0x0000000088580000)
 Metaspace       used 85071K, capacity 89394K, committed 93336K, reserved 1130496K
  class space    used 11413K, capacity 12237K, committed 13224K, reserved 1048576K
Event: 33.187 GC heap after
Heap after GC invocations=52 (full 22):
 PSYoungGen      total 446464K, used 33184K [0x00000000d5580000, 0x00000000f3900000, 0x0000000100000000)
  eden space 404992K, 0% used [0x00000000d5580000,0x00000000d5580000,0x00000000ee100000)
  from space 41472K, 80% used [0x00000000f0b80000,0x00000000f2be80c8,0x00000000f3400000)
  to   space 43520K, 0% used [0x00000000ee100000,0x00000000ee100000,0x00000000f0b80000)
 ParOldGen       total 136704K, used 97530K [0x0000000080000000, 0x0000000088580000, 0x00000000d5580000)
  object space 136704K, 71% used [0x0000000080000000,0x0000000085f3e948,0x0000000088580000)
 Metaspace       used 85071K, capacity 89394K, committed 93336K, reserved 1130496K
  class space    used 11413K, capacity 12237K, committed 13224K, reserved 1048576K
}
Event: 33.771 GC heap before
{Heap before GC invocations=53 (full 22):
 PSYoungGen      total 446464K, used 438176K [0x00000000d5580000, 0x00000000f3900000, 0x0000000100000000)
  eden space 404992K, 100% used [0x00000000d5580000,0x00000000ee100000,0x00000000ee100000)
  from space 41472K, 80% used [0x00000000f0b80000,0x00000000f2be80c8,0x00000000f3400000)
  to   space 43520K, 0% used [0x00000000ee100000,0x00000000ee100000,0x00000000f0b80000)
 ParOldGen       total 136704K, used 97530K [0x0000000080000000, 0x0000000088580000, 0x00000000d5580000)
  object space 136704K, 71% used [0x0000000080000000,0x0000000085f3e948,0x0000000088580000)
 Metaspace       used 85074K, capacity 89394K, committed 93336K, reserved 1130496K
  class space    used 11413K, capacity 12237K, committed 13224K, reserved 1048576K
Event: 33.791 GC heap after
Heap after GC invocations=53 (full 22):
 PSYoungGen      total 448512K, used 27873K [0x00000000d5580000, 0x00000000f4080000, 0x0000000100000000)
  eden space 404992K, 0% used [0x00000000d5580000,0x00000000d5580000,0x00000000ee100000)
  from space 43520K, 64% used [0x00000000ee100000,0x00000000efc38448,0x00000000f0b80000)
  to   space 43520K, 0% used [0x00000000f1600000,0x00000000f1600000,0x00000000f4080000)
 ParOldGen       total 136704K, used 97530K [0x0000000080000000, 0x0000000088580000, 0x00000000d5580000)
  object space 136704K, 71% used [0x0000000080000000,0x0000000085f3e948,0x0000000088580000)
 Metaspace       used 85074K, capacity 89394K, committed 93336K, reserved 1130496K
  class space    used 11413K, capacity 12237K, committed 13224K, reserved 1048576K
}
Event: 34.926 GC heap before
{Heap before GC invocations=54 (full 22):
 PSYoungGen      total 448512K, used 432865K [0x00000000d5580000, 0x00000000f4080000, 0x0000000100000000)
  eden space 404992K, 100% used [0x00000000d5580000,0x00000000ee100000,0x00000000ee100000)
  from space 43520K, 64% used [0x00000000ee100000,0x00000000efc38448,0x00000000f0b80000)
  to   space 43520K, 0% used [0x00000000f1600000,0x00000000f1600000,0x00000000f4080000)
 ParOldGen       total 136704K, used 97530K [0x0000000080000000, 0x0000000088580000, 0x00000000d5580000)
  object space 136704K, 71% used [0x0000000080000000,0x0000000085f3e948,0x0000000088580000)
 Metaspace       used 85090K, capacity 89394K, committed 93336K, reserved 1130496K
  class space    used 11413K, capacity 12237K, committed 13224K, reserved 1048576K
Event: 34.949 GC heap after
Heap after GC invocations=54 (full 22):
 PSYoungGen      total 456192K, used 26876K [0x00000000d5580000, 0x00000000f3e80000, 0x0000000100000000)
  eden space 414720K, 0% used [0x00000000d5580000,0x00000000d5580000,0x00000000eea80000)
  from space 41472K, 64% used [0x00000000f1600000,0x00000000f303f0d0,0x00000000f3e80000)
  to   space 43008K, 0% used [0x00000000eea80000,0x00000000eea80000,0x00000000f1480000)
 ParOldGen       total 136704K, used 97530K [0x0000000080000000, 0x0000000088580000, 0x00000000d5580000)
  object space 136704K, 71% used [0x0000000080000000,0x0000000085f3e948,0x0000000088580000)
 Metaspace       used 85090K, capacity 89394K, committed 93336K, reserved 1130496K
  class space    used 11413K, capacity 12237K, committed 13224K, reserved 1048576K
}
Event: 36.250 GC heap before
{Heap before GC invocations=55 (full 22):
 PSYoungGen      total 456192K, used 441596K [0x00000000d5580000, 0x00000000f3e80000, 0x0000000100000000)
  eden space 414720K, 100% used [0x00000000d5580000,0x00000000eea80000,0x00000000eea80000)
  from space 41472K, 64% used [0x00000000f1600000,0x00000000f303f0d0,0x00000000f3e80000)
  to   space 43008K, 0% used [0x00000000eea80000,0x00000000eea80000,0x00000000f1480000)
 ParOldGen       total 136704K, used 97530K [0x0000000080000000, 0x0000000088580000, 0x00000000d5580000)
  object space 136704K, 71% used [0x0000000080000000,0x0000000085f3e948,0x0000000088580000)
 Metaspace       used 86309K, capacity 90810K, committed 94360K, reserved 1130496K
  class space    used 11559K, capacity 12395K, committed 13224K, reserved 1048576K
Event: 36.411 GC heap after
Heap after GC invocations=55 (full 22):
 PSYoungGen      total 456192K, used 441596K [0x00000000d5580000, 0x00000000f3e80000, 0x0000000100000000)
  eden space 414720K, 100% used [0x00000000d5580000,0x00000000eea80000,0x00000000eea80000)
  from space 41472K, 64% used [0x00000000f1600000,0x00000000f303f0d0,0x00000000f3e80000)
  to   space 43008K, 99% used [0x00000000eea80000,0x00000000f147a858,0x00000000f1480000)
 ParOldGen       total 161792K, used 161714K [0x0000000080000000, 0x0000000089e00000, 0x00000000d5580000)
  object space 161792K, 99% used [0x0000000080000000,0x0000000089decae0,0x0000000089e00000)
 Metaspace       used 86309K, capacity 90810K, committed 94360K, reserved 1130496K
  class space    used 11559K, capacity 12395K, committed 13224K, reserved 1048576K
}
Event: 36.411 GC heap before
{Heap before GC invocations=56 (full 23):
 PSYoungGen      total 456192K, used 441596K [0x00000000d5580000, 0x00000000f3e80000, 0x0000000100000000)
  eden space 414720K, 100% used [0x00000000d5580000,0x00000000eea80000,0x00000000eea80000)
  from space 41472K, 64% used [0x00000000f1600000,0x00000000f303f0d0,0x00000000f3e80000)
  to   space 43008K, 99% used [0x00000000eea80000,0x00000000f147a858,0x00000000f1480000)
 ParOldGen       total 161792K, used 161714K [0x0000000080000000, 0x0000000089e00000, 0x00000000d5580000)
  object space 161792K, 99% used [0x0000000080000000,0x0000000089decae0,0x0000000089e00000)
 Metaspace       used 86309K, capacity 90810K, committed 94360K, reserved 1130496K
  class space    used 11559K, capacity 12395K, committed 13224K, reserved 1048576K
Event: 36.781 GC heap after
Heap after GC invocations=56 (full 23):
 PSYoungGen      total 456192K, used 0K [0x00000000d5580000, 0x00000000f3e80000, 0x0000000100000000)
  eden space 414720K, 0% used [0x00000000d5580000,0x00000000d5580000,0x00000000eea80000)
  from space 41472K, 0% used [0x00000000f1600000,0x00000000f1600000,0x00000000f3e80000)
  to   space 43008K, 0% used [0x00000000eea80000,0x00000000eea80000,0x00000000f1480000)
 ParOldGen       total 161792K, used 158221K [0x0000000080000000, 0x0000000089e00000, 0x00000000d5580000)
  object space 161792K, 97% used [0x0000000080000000,0x0000000089a835a0,0x0000000089e00000)
 Metaspace       used 86243K, capacity 90634K, committed 94360K, reserved 1130496K
  class space    used 11535K, capacity 12351K, committed 13224K, reserved 1048576K
}

Deoptimization events (10 events):
Event: 35.574 Thread 0x00000000221d6000 Uncommon trap: reason=bimorphic action=maybe_recompile pc=0x0000000004c3cccc method=com.google.common.collect.ImmutableSet$RegularSetBuilderImpl.add(Ljava/lang/Object;)Lcom/google/common/collect/ImmutableSet$SetBuilderImpl; @ 6
Event: 35.725 Thread 0x000000001fb86800 Uncommon trap: reason=unstable_if action=reinterpret pc=0x0000000003c414f0 method=java.util.Arrays.hashCode([Ljava/lang/Object;)I @ 1
Event: 35.725 Thread 0x00000000221da000 Uncommon trap: reason=unstable_if action=reinterpret pc=0x0000000003c414f0 method=java.util.Arrays.hashCode([Ljava/lang/Object;)I @ 1
Event: 35.725 Thread 0x000000003615d800 Uncommon trap: reason=unstable_if action=reinterpret pc=0x0000000003c414f0 method=java.util.Arrays.hashCode([Ljava/lang/Object;)I @ 1
Event: 35.725 Thread 0x000000003615b800 Uncommon trap: reason=unstable_if action=reinterpret pc=0x0000000003c414f0 method=java.util.Arrays.hashCode([Ljava/lang/Object;)I @ 1
Event: 36.781 Thread 0x000000001a1c0800 Uncommon trap: reason=unstable_if action=reinterpret pc=0x0000000003628638 method=java.lang.ref.Reference.tryHandlePending(Z)Z @ 20
Event: 39.381 Thread 0x000000001fb89000 Uncommon trap: reason=unstable_if action=reinterpret pc=0x000000000485b81c method=com.google.common.collect.MapMakerInternalMap$Segment.drainKeyReferenceQueue(Ljava/lang/ref/ReferenceQueue;)V @ 8
Event: 39.392 Thread 0x000000001fb8c800 Uncommon trap: reason=bimorphic action=maybe_recompile pc=0x0000000004c3cccc method=com.google.common.collect.ImmutableSet$RegularSetBuilderImpl.add(Ljava/lang/Object;)Lcom/google/common/collect/ImmutableSet$SetBuilderImpl; @ 6
Event: 39.392 Thread 0x000000001fb8c800 Uncommon trap: reason=bimorphic action=maybe_recompile pc=0x0000000004c3cccc method=com.google.common.collect.ImmutableSet$RegularSetBuilderImpl.add(Ljava/lang/Object;)Lcom/google/common/collect/ImmutableSet$SetBuilderImpl; @ 6
Event: 39.412 Thread 0x000000001fb8c800 Uncommon trap: reason=class_check action=maybe_recompile pc=0x0000000004a27048 method=org.gradle.internal.fingerprint.classpath.impl.ClasspathFingerprintingStrategy$ClasspathContentFingerprintingVisitor.visitFile(Lorg/gradle/internal/snapshot/CompleteFile

Classes redefined (0 events):
No events

Internal exceptions (10 events):
Event: 35.465 Thread 0x00000000221d1000 Exception <a 'sun/nio/fs/WindowsException'> (0x00000000e10b06f8) thrown at [C:\src\AOSP-openjdk-git\hotspot\src\share\vm\prims\jni.cpp, line 710]
Event: 35.618 Thread 0x00000000221d6000 Exception <a 'sun/nio/fs/WindowsException'> (0x00000000e3005448) thrown at [C:\src\AOSP-openjdk-git\hotspot\src\share\vm\prims\jni.cpp, line 710]
Event: 35.725 Thread 0x000000001fb86800 Implicit null exception at 0x0000000003c413ef to 0x0000000003c414e1
Event: 35.725 Thread 0x00000000221da000 Implicit null exception at 0x0000000003c413ef to 0x0000000003c414e1
Event: 35.725 Thread 0x000000003615d800 Implicit null exception at 0x0000000003c413ef to 0x0000000003c414e1
Event: 35.725 Thread 0x000000003615b800 Implicit null exception at 0x0000000003c413ef to 0x0000000003c414e1
Event: 36.079 Thread 0x000000001fb86800 Exception <a 'sun/nio/fs/WindowsException'> (0x00000000eb3f2830) thrown at [C:\src\AOSP-openjdk-git\hotspot\src\share\vm\prims\jni.cpp, line 710]
Event: 38.177 Thread 0x0000000036160000 Exception <a 'sun/nio/fs/WindowsException'> (0x00000000e0c22300) thrown at [C:\src\AOSP-openjdk-git\hotspot\src\share\vm\prims\jni.cpp, line 710]
Event: 39.276 Thread 0x000000003615e800 Exception <a 'sun/nio/fs/WindowsException'> (0x00000000eae404e0) thrown at [C:\src\AOSP-openjdk-git\hotspot\src\share\vm\prims\jni.cpp, line 710]
Event: 39.473 Thread 0x00000000221d5800 Exception <a 'java/lang/NoSuchMethodError': java.lang.Object.lambda$asRunnable$0(Lcom/android/tools/build/apkzlib/utils/IOExceptionRunnable;)V> (0x00000000eb5841a8) thrown at [C:\src\AOSP-openjdk-git\hotspot\src\share\vm\interpreter\linkResolver.cpp, line

Events (10 events):
Event: 39.472 loading class com/android/builder/files/KeyedFileCache
Event: 39.472 loading class com/android/builder/files/KeyedFileCache done
Event: 39.472 loading class com/android/tools/build/apkzlib/utils/IOExceptionRunnable
Event: 39.472 loading class com/android/tools/build/apkzlib/utils/IOExceptionRunnable done
Event: 39.472 loading class com/android/tools/build/apkzlib/utils/IOExceptionRunnable
Event: 39.472 loading class com/android/tools/build/apkzlib/utils/IOExceptionRunnable done
Event: 39.473 loading class com/android/tools/build/apkzlib/utils/IOExceptionRunnable
Event: 39.473 loading class com/android/tools/build/apkzlib/utils/IOExceptionRunnable done
Event: 39.473 loading class com/android/builder/files/RelativeFiles
Event: 39.473 loading class com/android/builder/files/RelativeFiles done


Dynamic libraries:
0x00007ff7eba00000 - 0x00007ff7eba31000 	C:\Program Files\Android\Android Studio\jre\bin\java.exe
0x00007ff9e50c0000 - 0x00007ff9e52b0000 	C:\Windows\SYSTEM32\ntdll.dll
0x00007ff9e3170000 - 0x00007ff9e3222000 	C:\Windows\System32\KERNEL32.DLL
0x00007ff9e2b70000 - 0x00007ff9e2e15000 	C:\Windows\System32\KERNELBASE.dll
0x00007ff9e4010000 - 0x00007ff9e40b3000 	C:\Windows\System32\ADVAPI32.dll
0x00007ff9e3b20000 - 0x00007ff9e3bbe000 	C:\Windows\System32\msvcrt.dll
0x00007ff9e4170000 - 0x00007ff9e4207000 	C:\Windows\System32\sechost.dll
0x00007ff9e33d0000 - 0x00007ff9e34f0000 	C:\Windows\System32\RPCRT4.dll
0x00007ff9e3bc0000 - 0x00007ff9e3d54000 	C:\Windows\System32\USER32.dll
0x00007ff9e2b40000 - 0x00007ff9e2b61000 	C:\Windows\System32\win32u.dll
0x00007ff9e40c0000 - 0x00007ff9e40e6000 	C:\Windows\System32\GDI32.dll
0x00007ff9e29a0000 - 0x00007ff9e2b36000 	C:\Windows\System32\gdi32full.dll
0x00007ff9e3080000 - 0x00007ff9e311e000 	C:\Windows\System32\msvcp_win.dll
0x00007ff9e2870000 - 0x00007ff9e296a000 	C:\Windows\System32\ucrtbase.dll
0x00007ff9cf180000 - 0x00007ff9cf404000 	C:\Windows\WinSxS\amd64_microsoft.windows.common-controls_6595b64144ccf1df_6.0.18362.1256_none_9e7e379be45e40e2\COMCTL32.dll
0x00007ff9e4b70000 - 0x00007ff9e4ea6000 	C:\Windows\System32\combase.dll
0x00007ff9e27e0000 - 0x00007ff9e2861000 	C:\Windows\System32\bcryptPrimitives.dll
0x00007ff9e3f10000 - 0x00007ff9e3f3e000 	C:\Windows\System32\IMM32.DLL
0x0000000070ee0000 - 0x0000000070fb2000 	C:\Program Files\Android\Android Studio\jre\jre\bin\msvcr100.dll
0x000000006fed0000 - 0x000000007071b000 	C:\Program Files\Android\Android Studio\jre\jre\bin\server\jvm.dll
0x00007ff9e4160000 - 0x00007ff9e4168000 	C:\Windows\System32\PSAPI.DLL
0x00007ff9e0a10000 - 0x00007ff9e0a1a000 	C:\Windows\SYSTEM32\VERSION.dll
0x00007ff9cbd80000 - 0x00007ff9cbd89000 	C:\Windows\SYSTEM32\WSOCK32.dll
0x00007ff9dca50000 - 0x00007ff9dca74000 	C:\Windows\SYSTEM32\WINMM.dll
0x00007ff9e4eb0000 - 0x00007ff9e4f1f000 	C:\Windows\System32\WS2_32.dll
0x00007ff9dca20000 - 0x00007ff9dca4d000 	C:\Windows\SYSTEM32\winmmbase.dll
0x00007ff9e3120000 - 0x00007ff9e316a000 	C:\Windows\System32\cfgmgr32.dll
0x00007ff9dd6b0000 - 0x00007ff9dd6bf000 	C:\Program Files\Android\Android Studio\jre\jre\bin\verify.dll
0x00007ff9d1160000 - 0x00007ff9d1189000 	C:\Program Files\Android\Android Studio\jre\jre\bin\java.dll
0x00007ff9d4360000 - 0x00007ff9d4376000 	C:\Program Files\Android\Android Studio\jre\jre\bin\zip.dll
0x00007ff9e4480000 - 0x00007ff9e4b67000 	C:\Windows\System32\SHELL32.dll
0x00007ff9e3f60000 - 0x00007ff9e4009000 	C:\Windows\System32\shcore.dll
0x00007ff9e2050000 - 0x00007ff9e27d1000 	C:\Windows\System32\windows.storage.dll
0x00007ff9e1fe0000 - 0x00007ff9e2003000 	C:\Windows\System32\profapi.dll
0x00007ff9e1f90000 - 0x00007ff9e1fda000 	C:\Windows\System32\powrprof.dll
0x00007ff9e1f60000 - 0x00007ff9e1f70000 	C:\Windows\System32\UMPDC.dll
0x00007ff9e4420000 - 0x00007ff9e4472000 	C:\Windows\System32\shlwapi.dll
0x00007ff9e1f70000 - 0x00007ff9e1f81000 	C:\Windows\System32\kernel.appcore.dll
0x00007ff9e2030000 - 0x00007ff9e2047000 	C:\Windows\System32\cryptsp.dll
0x00007ff9d1cc0000 - 0x00007ff9d1cda000 	C:\Program Files\Android\Android Studio\jre\jre\bin\net.dll
0x00007ff9e1760000 - 0x00007ff9e17c7000 	C:\Windows\system32\mswsock.dll
0x00007ff9d1c20000 - 0x00007ff9d1c33000 	C:\Program Files\Android\Android Studio\jre\jre\bin\nio.dll
0x00007ff9d0b40000 - 0x00007ff9d0b67000 	C:\Users\XXX\.gradle\native\f6784746aeab05261644944871eae4fe03e0ef1612fff0a4a95f87b438bc6780\windows-amd64\native-platform.dll
0x00007ff9dbc10000 - 0x00007ff9dbc1d000 	C:\Program Files\Android\Android Studio\jre\jre\bin\management.dll
0x00007ff9e12e0000 - 0x00007ff9e1313000 	C:\Windows\system32\rsaenh.dll
0x00007ff9e2970000 - 0x00007ff9e2996000 	C:\Windows\System32\bcrypt.dll
0x00007ff9e1e40000 - 0x00007ff9e1e65000 	C:\Windows\SYSTEM32\USERENV.dll
0x00007ff9e18e0000 - 0x00007ff9e18ec000 	C:\Windows\SYSTEM32\CRYPTBASE.dll
0x00007ff9e1480000 - 0x00007ff9e14ba000 	C:\Windows\SYSTEM32\IPHLPAPI.DLL
0x00007ff9e4410000 - 0x00007ff9e4418000 	C:\Windows\System32\NSI.dll
0x00007ff9d7af0000 - 0x00007ff9d7b06000 	C:\Windows\SYSTEM32\dhcpcsvc6.DLL
0x00007ff9d7ad0000 - 0x00007ff9d7aec000 	C:\Windows\SYSTEM32\dhcpcsvc.DLL
0x00007ff9e14c0000 - 0x00007ff9e158b000 	C:\Windows\SYSTEM32\DNSAPI.dll
0x00007ff9d7b10000 - 0x00007ff9d7b1b000 	C:\Windows\SYSTEM32\WINNSI.DLL

VM Arguments:
jvm_args: -Xmx2048m -Dfile.encoding=UTF-8 -Duser.country=RU -Duser.language=ru -Duser.variant 
java_command: org.gradle.launcher.daemon.bootstrap.GradleDaemon 6.5
java_class_path (initial): C:\Users\XXX\.gradle\wrapper\dists\gradle-6.5-bin\6nifqtx7604sqp1q6g8wikw7p\gradle-6.5\lib\gradle-launcher-6.5.jar
Launcher Type: SUN_STANDARD

Environment Variables:
PATH=C:\Program Files\Common Files\Oracle\Java\javapath;C:\Windows\system32;C:\Windows;C:\Windows\System32\Wbem;C:\Windows\System32\WindowsPowerShell\v1.0\;C:\Windows\System32\OpenSSH\;C:\Program Files (x86)\Intel\Intel(R) Management Engine Components\DAL;C:\Program Files\Intel\Intel(R) Management Engine Components\DAL;C:\Program Files\Intel\WiFi\bin\;C:\Program Files\Common Files\Intel\WirelessCommon\;C:\Program Files\Git\cmd;C:\Program Files\dotnet\;C:\Program Files\Microsoft SQL Server\130\Tools\Binn\;C:\Program Files\Microsoft SQL Server\Client SDK\ODBC\170\Tools\Binn\;C:\Program Files (x86)\Microsoft SQL Server\Client SDK\ODBC\110\Tools\Binn\;C:\Program Files (x86)\Microsoft SQL Server\120\Tools\Binn\;C:\Program Files (x86)\Microsoft SQL Server\120\DTS\Binn\;C:\Program Files\Docker\Docker\resources\bin;C:\ProgramData\DockerDesktop\version-bin;%MAVEN_HOME%\bin;C:\Program Files (x86)\Microsoft SQL Server\150\DTS\Binn\;C:\Program Files\Azure Data Studio\bin;C:\Users\XXX\AppData\Local\Microsoft\WindowsApps;C:\Program Files\Maven\apache-maven-3.6.3\\bin;C:\Users\XXX\.dotnet\tools;;C:\Program Files\Azure Data Studio\bin
USERNAME=XXX
OS=Windows_NT
PROCESSOR_IDENTIFIER=Intel64 Family 6 Model 142 Stepping 10, GenuineIntel



---------------  S Y S T E M  ---------------

OS: Windows 10.0 , 64 bit Build 18362 (10.0.18362.1110)

CPU:total 8 (initial active 8) (4 cores per cpu, 2 threads per core) family 6 model 142 stepping 10, cmov, cx8, fxsr, mmx, sse, sse2, sse3, ssse3, sse4.1, sse4.2, popcnt, avx, avx2, aes, clmul, erms, 3dnowpref, lzcnt, ht, tsc, tscinvbit, bmi1, bmi2, adx

Memory: 4k page, physical 8286508k(1254552k free), swap 11213700k(6448k free)

vm_info: OpenJDK 64-Bit Server VM (25.242-b01) for windows-amd64 JRE (1.8.0_242-release-1644-b01), built by "builder" with MS VC++ 10.0 (VS2010)

time: Mon Dec 21 15:02:47 2020
timezone: Беларусь (зима)
elapsed time: 39 seconds (0d 0h 0m 39s)

